mode: set
github.com/gomlx/gomlx/backends/backends.go:57.53,58.38 1 0
github.com/gomlx/gomlx/backends/backends.go:58.38,60.3 1 0
github.com/gomlx/gomlx/backends/backends.go:61.2,61.44 1 0
github.com/gomlx/gomlx/backends/backends.go:85.20,87.11 2 0
github.com/gomlx/gomlx/backends/backends.go:87.11,89.3 1 0
github.com/gomlx/gomlx/backends/backends.go:90.2,90.25 1 0
github.com/gomlx/gomlx/backends/backends.go:90.25,92.3 1 0
github.com/gomlx/gomlx/backends/backends.go:93.2,93.26 1 0
github.com/gomlx/gomlx/backends/backends.go:101.43,102.38 1 0
github.com/gomlx/gomlx/backends/backends.go:102.38,104.3 1 0
github.com/gomlx/gomlx/backends/backends.go:105.2,107.50 3 0
github.com/gomlx/gomlx/backends/backends.go:107.50,110.3 2 0
github.com/gomlx/gomlx/backends/backends.go:111.2,112.12 2 0
github.com/gomlx/gomlx/backends/backends.go:112.12,114.3 1 0
github.com/gomlx/gomlx/backends/backends.go:115.2,115.35 1 0
github.com/gomlx/gomlx/backends/builder.go:16.23,17.38 1 0
github.com/gomlx/gomlx/backends/builder.go:118.56,125.2 6 0
github.com/gomlx/gomlx/backends/ffttype_string.go:21.34,22.50 1 0
github.com/gomlx/gomlx/backends/ffttype_string.go:22.50,24.3 1 0
github.com/gomlx/gomlx/backends/ffttype_string.go:25.2,25.61 1 0
github.com/gomlx/gomlx/backends/reduceoptype_string.go:22.39,23.60 1 0
github.com/gomlx/gomlx/backends/reduceoptype_string.go:23.60,25.3 1 0
github.com/gomlx/gomlx/backends/reduceoptype_string.go:26.2,26.76 1 0
github.com/gomlx/gomlx/cmd/constraint_generator/constraint_generator.go:32.32,34.50 2 0
github.com/gomlx/gomlx/cmd/constraint_generator/constraint_generator.go:34.50,36.37 2 0
github.com/gomlx/gomlx/cmd/constraint_generator/constraint_generator.go:36.37,37.19 1 0
github.com/gomlx/gomlx/cmd/constraint_generator/constraint_generator.go:37.19,39.5 1 0
github.com/gomlx/gomlx/cmd/constraint_generator/constraint_generator.go:40.4,40.35 1 0
github.com/gomlx/gomlx/cmd/constraint_generator/constraint_generator.go:40.35,42.5 1 0
github.com/gomlx/gomlx/cmd/constraint_generator/constraint_generator.go:43.4,44.14 2 0
github.com/gomlx/gomlx/cmd/constraint_generator/constraint_generator.go:46.3,46.29 1 0
github.com/gomlx/gomlx/cmd/constraint_generator/constraint_generator.go:46.29,48.4 1 0
github.com/gomlx/gomlx/cmd/constraint_generator/constraint_generator.go:49.3,49.16 1 0
github.com/gomlx/gomlx/cmd/constraint_generator/constraint_generator.go:53.47,57.28 4 0
github.com/gomlx/gomlx/cmd/constraint_generator/constraint_generator.go:57.28,60.3 2 0
github.com/gomlx/gomlx/cmd/constraint_generator/constraint_generator.go:61.2,62.17 2 0
github.com/gomlx/gomlx/cmd/constraint_generator/constraint_generator.go:62.17,64.3 1 0
github.com/gomlx/gomlx/cmd/constraint_generator/constraint_generator.go:65.2,67.17 3 0
github.com/gomlx/gomlx/cmd/constraint_generator/constraint_generator.go:67.17,69.3 1 0
github.com/gomlx/gomlx/cmd/constraint_generator/constraint_generator.go:70.2,70.42 1 0
github.com/gomlx/gomlx/cmd/constraint_generator/constraint_generator.go:70.42,71.20 1 0
github.com/gomlx/gomlx/cmd/constraint_generator/constraint_generator.go:71.20,73.4 1 0
github.com/gomlx/gomlx/cmd/constraint_generator/constraint_generator.go:74.3,74.41 1 0
github.com/gomlx/gomlx/cmd/constraint_generator/constraint_generator.go:74.41,76.4 1 0
github.com/gomlx/gomlx/cmd/constraint_generator/constraint_generator.go:78.2,78.49 1 0
github.com/gomlx/gomlx/cmd/constraint_generator/constraint_generator.go:81.13,102.2 17 0
github.com/gomlx/gomlx/cmd/backends_generator/main.go:14.13,20.2 5 0
github.com/gomlx/gomlx/cmd/backends_generator/standardops.go:55.57,62.2 2 0
github.com/gomlx/gomlx/cmd/backends_generator/standardops.go:66.109,68.103 2 0
github.com/gomlx/gomlx/cmd/backends_generator/standardops.go:68.103,69.47 1 0
github.com/gomlx/gomlx/cmd/backends_generator/standardops.go:69.47,71.4 1 0
github.com/gomlx/gomlx/cmd/backends_generator/standardops.go:72.3,73.51 2 0
github.com/gomlx/gomlx/cmd/backends_generator/standardops.go:73.51,74.40 1 0
github.com/gomlx/gomlx/cmd/backends_generator/standardops.go:74.40,76.13 1 0
github.com/gomlx/gomlx/cmd/backends_generator/standardops.go:78.4,78.68 1 0
github.com/gomlx/gomlx/cmd/backends_generator/standardops.go:78.68,78.89 1 0
github.com/gomlx/gomlx/cmd/backends_generator/standardops.go:79.4,83.24 2 0
github.com/gomlx/gomlx/cmd/backends_generator/standardops.go:83.24,85.5 1 0
github.com/gomlx/gomlx/cmd/backends_generator/standardops.go:85.10,85.34 1 0
github.com/gomlx/gomlx/cmd/backends_generator/standardops.go:85.34,87.5 1 0
github.com/gomlx/gomlx/cmd/backends_generator/standardops.go:87.10,87.33 1 0
github.com/gomlx/gomlx/cmd/backends_generator/standardops.go:87.33,89.5 1 0
github.com/gomlx/gomlx/cmd/backends_generator/standardops.go:89.10,89.33 1 0
github.com/gomlx/gomlx/cmd/backends_generator/standardops.go:89.33,91.5 1 0
github.com/gomlx/gomlx/cmd/backends_generator/standardops.go:91.10,91.44 1 0
github.com/gomlx/gomlx/cmd/backends_generator/standardops.go:91.44,93.5 1 0
github.com/gomlx/gomlx/cmd/backends_generator/standardops.go:94.4,94.31 1 0
github.com/gomlx/gomlx/cmd/backends_generator/standardops.go:96.3,100.25 1 0
github.com/gomlx/gomlx/cmd/backends_generator/standardops.go:100.25,103.6 1 0
github.com/gomlx/gomlx/cmd/backends_generator/standardops.go:106.3,106.53 1 0
github.com/gomlx/gomlx/cmd/backends_generator/standardops.go:106.53,108.4 1 0
github.com/gomlx/gomlx/cmd/backends_generator/standardops.go:109.3,109.40 1 0
github.com/gomlx/gomlx/cmd/backends_generator/standardops.go:111.2,111.55 1 0
github.com/gomlx/gomlx/cmd/backends_generator/standardops.go:111.55,111.97 1 0
github.com/gomlx/gomlx/cmd/backends_generator/standardops.go:113.2,120.86 7 0
github.com/gomlx/gomlx/cmd/backends_generator/parsexlabuilder/parsexlabuilder.go:39.25,40.28 1 0
github.com/gomlx/gomlx/cmd/backends_generator/parsexlabuilder/parsexlabuilder.go:40.28,42.3 1 0
github.com/gomlx/gomlx/cmd/backends_generator/parsexlabuilder/parsexlabuilder.go:44.2,46.11 3 0
github.com/gomlx/gomlx/cmd/backends_generator/parsexlabuilder/parsexlabuilder.go:46.11,48.3 1 0
github.com/gomlx/gomlx/cmd/backends_generator/parsexlabuilder/parsexlabuilder.go:51.2,52.27 2 0
github.com/gomlx/gomlx/cmd/backends_generator/parsexlabuilder/parsexlabuilder.go:52.27,54.3 1 0
github.com/gomlx/gomlx/cmd/backends_generator/parsexlabuilder/parsexlabuilder.go:55.2,57.39 3 0
github.com/gomlx/gomlx/cmd/backends_generator/parsexlabuilder/parsexlabuilder.go:57.39,59.13 1 0
github.com/gomlx/gomlx/cmd/backends_generator/parsexlabuilder/parsexlabuilder.go:61.2,61.31 1 0
github.com/gomlx/gomlx/cmd/backends_generator/parsexlabuilder/parsexlabuilder.go:61.31,63.3 1 0
github.com/gomlx/gomlx/cmd/backends_generator/parsexlabuilder/parsexlabuilder.go:64.2,64.16 1 0
github.com/gomlx/gomlx/cmd/backends_generator/parsexlabuilder/parsexlabuilder.go:64.16,72.3 5 0
github.com/gomlx/gomlx/cmd/backends_generator/parsexlabuilder/parsexlabuilder.go:72.8,78.3 4 0
github.com/gomlx/gomlx/cmd/backends_generator/parsexlabuilder/parsexlabuilder.go:79.2,79.25 1 0
github.com/gomlx/gomlx/cmd/backends_generator/parsexlabuilder/parsexlabuilder.go:90.29,96.21 6 0
github.com/gomlx/gomlx/cmd/backends_generator/parsexlabuilder/parsexlabuilder.go:96.21,99.17 3 0
github.com/gomlx/gomlx/cmd/backends_generator/parsexlabuilder/parsexlabuilder.go:99.17,101.12 1 0
github.com/gomlx/gomlx/cmd/backends_generator/parsexlabuilder/parsexlabuilder.go:103.3,103.68 1 0
github.com/gomlx/gomlx/cmd/backends_generator/parsexlabuilder/parsexlabuilder.go:103.68,105.12 1 0
github.com/gomlx/gomlx/cmd/backends_generator/parsexlabuilder/parsexlabuilder.go:107.3,108.22 2 0
github.com/gomlx/gomlx/cmd/backends_generator/parsexlabuilder/parsexlabuilder.go:108.22,110.4 1 0
github.com/gomlx/gomlx/cmd/backends_generator/parsexlabuilder/parsexlabuilder.go:111.3,111.68 1 0
github.com/gomlx/gomlx/cmd/backends_generator/parsexlabuilder/parsexlabuilder.go:113.2,114.16 2 0
github.com/gomlx/gomlx/cmd/backends_generator/parsexlabuilder/parsexlabuilder.go:120.49,126.2 5 0
github.com/gomlx/gomlx/cmd/backends_generator/parsexlabuilder/parsexlabuilder.go:130.82,131.36 1 0
github.com/gomlx/gomlx/cmd/backends_generator/parsexlabuilder/parsexlabuilder.go:131.36,132.38 1 0
github.com/gomlx/gomlx/cmd/backends_generator/parsexlabuilder/parsexlabuilder.go:132.38,134.11 2 0
github.com/gomlx/gomlx/cmd/backends_generator/parsexlabuilder/parsexlabuilder.go:134.11,135.13 1 0
github.com/gomlx/gomlx/cmd/backends_generator/parsexlabuilder/parsexlabuilder.go:137.4,137.22 1 0
github.com/gomlx/gomlx/cmd/backends_generator/parsexlabuilder/parsexlabuilder.go:148.67,153.2 1 0
github.com/gomlx/gomlx/cmd/backends_generator/parsexlabuilder/parsexlabuilder.go:155.55,164.9 6 0
github.com/gomlx/gomlx/cmd/backends_generator/parsexlabuilder/parsexlabuilder.go:164.9,172.3 4 0
github.com/gomlx/gomlx/cmd/backends_generator/parsexlabuilder/parsexlabuilder.go:175.2,176.34 2 0
github.com/gomlx/gomlx/cmd/backends_generator/parsexlabuilder/parsexlabuilder.go:176.34,178.3 1 0
github.com/gomlx/gomlx/cmd/backends_generator/parsexlabuilder/parsexlabuilder.go:179.2,179.50 1 0
github.com/gomlx/gomlx/cmd/backends_generator/parsexlabuilder/parsexlabuilder.go:186.133,187.65 1 0
github.com/gomlx/gomlx/cmd/backends_generator/parsexlabuilder/parsexlabuilder.go:187.65,188.27 1 0
github.com/gomlx/gomlx/cmd/backends_generator/parsexlabuilder/parsexlabuilder.go:188.27,191.4 1 0
github.com/gomlx/gomlx/cmd/backends_generator/parsexlabuilder/parsexlabuilder.go:194.3,194.45 1 0
github.com/gomlx/gomlx/cmd/backends_generator/parsexlabuilder/parsexlabuilder.go:194.45,196.4 1 0
github.com/gomlx/gomlx/cmd/backends_generator/parsexlabuilder/parsexlabuilder.go:197.3,198.65 1 0
github.com/gomlx/gomlx/cmd/backends_generator/parsexlabuilder/parsexlabuilder.go:198.65,200.4 1 0
github.com/gomlx/gomlx/cmd/backends_generator/parsexlabuilder/parsexlabuilder.go:201.3,201.34 1 0
github.com/gomlx/gomlx/cmd/backends_generator/parsexlabuilder/parsexlabuilder.go:201.34,203.4 1 0
github.com/gomlx/gomlx/cmd/backends_generator/parsexlabuilder/parsexlabuilder.go:206.3,206.51 1 0
github.com/gomlx/gomlx/cmd/backends_generator/parsexlabuilder/parsexlabuilder.go:206.51,208.63 2 0
github.com/gomlx/gomlx/cmd/backends_generator/parsexlabuilder/parsexlabuilder.go:208.63,211.5 1 0
github.com/gomlx/gomlx/cmd/backends_generator/parsexlabuilder/parsexlabuilder.go:215.3,215.101 1 0
github.com/gomlx/gomlx/cmd/backends_generator/parsexlabuilder/parsexlabuilder.go:215.101,217.4 1 0
github.com/gomlx/gomlx/cmd/backends_generator/parsexlabuilder/parsexlabuilder.go:219.3,219.21 1 0
github.com/gomlx/gomlx/cmd/xla_generator/main.go:14.13,20.2 5 0
github.com/gomlx/gomlx/cmd/xla_generator/standardops.go:88.57,95.2 2 0
github.com/gomlx/gomlx/cmd/xla_generator/standardops.go:97.61,101.2 3 0
github.com/gomlx/gomlx/cmd/xla_generator/standardops.go:106.114,108.103 2 0
github.com/gomlx/gomlx/cmd/xla_generator/standardops.go:108.103,109.47 1 0
github.com/gomlx/gomlx/cmd/xla_generator/standardops.go:109.47,111.4 1 0
github.com/gomlx/gomlx/cmd/xla_generator/standardops.go:112.3,116.25 1 0
github.com/gomlx/gomlx/cmd/xla_generator/standardops.go:116.25,119.6 1 0
github.com/gomlx/gomlx/cmd/xla_generator/standardops.go:121.3,121.51 1 0
github.com/gomlx/gomlx/cmd/xla_generator/standardops.go:121.51,122.40 1 0
github.com/gomlx/gomlx/cmd/xla_generator/standardops.go:122.40,125.13 2 0
github.com/gomlx/gomlx/cmd/xla_generator/standardops.go:127.4,127.68 1 0
github.com/gomlx/gomlx/cmd/xla_generator/standardops.go:127.68,127.89 1 0
github.com/gomlx/gomlx/cmd/xla_generator/standardops.go:128.4,132.24 2 0
github.com/gomlx/gomlx/cmd/xla_generator/standardops.go:132.24,134.5 1 0
github.com/gomlx/gomlx/cmd/xla_generator/standardops.go:134.10,134.34 1 0
github.com/gomlx/gomlx/cmd/xla_generator/standardops.go:134.34,136.5 1 0
github.com/gomlx/gomlx/cmd/xla_generator/standardops.go:136.10,136.33 1 0
github.com/gomlx/gomlx/cmd/xla_generator/standardops.go:136.33,138.5 1 0
github.com/gomlx/gomlx/cmd/xla_generator/standardops.go:138.10,138.33 1 0
github.com/gomlx/gomlx/cmd/xla_generator/standardops.go:138.33,140.5 1 0
github.com/gomlx/gomlx/cmd/xla_generator/standardops.go:140.10,140.46 1 0
github.com/gomlx/gomlx/cmd/xla_generator/standardops.go:140.46,142.5 1 0
github.com/gomlx/gomlx/cmd/xla_generator/standardops.go:142.10,142.38 1 0
github.com/gomlx/gomlx/cmd/xla_generator/standardops.go:142.38,144.5 1 0
github.com/gomlx/gomlx/cmd/xla_generator/standardops.go:144.10,144.44 1 0
github.com/gomlx/gomlx/cmd/xla_generator/standardops.go:144.44,146.5 1 0
github.com/gomlx/gomlx/cmd/xla_generator/standardops.go:147.4,150.32 2 0
github.com/gomlx/gomlx/cmd/xla_generator/standardops.go:150.32,151.33 1 0
github.com/gomlx/gomlx/cmd/xla_generator/standardops.go:151.33,154.6 2 0
github.com/gomlx/gomlx/cmd/xla_generator/standardops.go:155.10,155.40 1 0
github.com/gomlx/gomlx/cmd/xla_generator/standardops.go:155.40,156.33 1 0
github.com/gomlx/gomlx/cmd/xla_generator/standardops.go:156.33,159.6 2 0
github.com/gomlx/gomlx/cmd/xla_generator/standardops.go:160.10,160.42 1 0
github.com/gomlx/gomlx/cmd/xla_generator/standardops.go:160.42,161.33 1 0
github.com/gomlx/gomlx/cmd/xla_generator/standardops.go:161.33,164.6 2 0
github.com/gomlx/gomlx/cmd/xla_generator/standardops.go:165.10,165.41 1 0
github.com/gomlx/gomlx/cmd/xla_generator/standardops.go:165.41,166.33 1 0
github.com/gomlx/gomlx/cmd/xla_generator/standardops.go:166.33,169.6 2 0
github.com/gomlx/gomlx/cmd/xla_generator/standardops.go:170.10,170.55 1 0
github.com/gomlx/gomlx/cmd/xla_generator/standardops.go:170.55,171.33 1 0
github.com/gomlx/gomlx/cmd/xla_generator/standardops.go:171.33,174.6 2 0
github.com/gomlx/gomlx/cmd/xla_generator/standardops.go:175.10,175.47 1 0
github.com/gomlx/gomlx/cmd/xla_generator/standardops.go:175.47,176.33 1 0
github.com/gomlx/gomlx/cmd/xla_generator/standardops.go:176.33,179.6 2 0
github.com/gomlx/gomlx/cmd/xla_generator/standardops.go:180.10,180.44 1 0
github.com/gomlx/gomlx/cmd/xla_generator/standardops.go:180.44,181.33 1 0
github.com/gomlx/gomlx/cmd/xla_generator/standardops.go:181.33,184.6 2 0
github.com/gomlx/gomlx/cmd/xla_generator/standardops.go:185.10,185.48 1 0
github.com/gomlx/gomlx/cmd/xla_generator/standardops.go:185.48,186.33 1 0
github.com/gomlx/gomlx/cmd/xla_generator/standardops.go:186.33,188.6 1 0
github.com/gomlx/gomlx/cmd/xla_generator/standardops.go:190.4,190.43 1 0
github.com/gomlx/gomlx/cmd/xla_generator/standardops.go:192.3,192.53 1 0
github.com/gomlx/gomlx/cmd/xla_generator/standardops.go:192.53,194.4 1 0
github.com/gomlx/gomlx/cmd/xla_generator/standardops.go:195.3,195.40 1 0
github.com/gomlx/gomlx/cmd/xla_generator/standardops.go:197.2,197.55 1 0
github.com/gomlx/gomlx/cmd/xla_generator/standardops.go:197.55,197.97 1 0
github.com/gomlx/gomlx/cmd/xla_generator/standardops.go:199.2,207.86 8 0
github.com/gomlx/gomlx/cmd/gomlx_checkpoints/main.go:61.13,62.22 1 0
github.com/gomlx/gomlx/cmd/gomlx_checkpoints/main.go:62.22,63.42 1 0
github.com/gomlx/gomlx/cmd/gomlx_checkpoints/main.go:63.42,65.4 1 0
github.com/gomlx/gomlx/cmd/gomlx_checkpoints/main.go:66.3,72.23 3 0
github.com/gomlx/gomlx/cmd/gomlx_checkpoints/main.go:74.2,77.20 3 0
github.com/gomlx/gomlx/cmd/gomlx_checkpoints/main.go:77.20,80.3 2 0
github.com/gomlx/gomlx/cmd/gomlx_checkpoints/main.go:81.2,81.19 1 0
github.com/gomlx/gomlx/cmd/gomlx_checkpoints/main.go:81.19,84.3 2 0
github.com/gomlx/gomlx/cmd/gomlx_checkpoints/main.go:86.2,86.17 1 0
github.com/gomlx/gomlx/cmd/gomlx_checkpoints/main.go:86.17,88.3 1 0
github.com/gomlx/gomlx/cmd/gomlx_checkpoints/main.go:90.2,90.27 1 0
github.com/gomlx/gomlx/cmd/gomlx_checkpoints/main.go:90.27,92.3 1 0
github.com/gomlx/gomlx/cmd/gomlx_checkpoints/main.go:94.2,94.14 1 0
github.com/gomlx/gomlx/cmd/gomlx_checkpoints/main.go:94.14,100.3 5 0
github.com/gomlx/gomlx/cmd/gomlx_checkpoints/main.go:102.2,102.19 1 0
github.com/gomlx/gomlx/cmd/gomlx_checkpoints/main.go:102.19,103.7 1 0
github.com/gomlx/gomlx/cmd/gomlx_checkpoints/main.go:103.7,108.4 4 0
github.com/gomlx/gomlx/cmd/gomlx_checkpoints/main.go:110.2,110.18 1 0
github.com/gomlx/gomlx/cmd/gomlx_checkpoints/main.go:113.20,115.2 1 0
github.com/gomlx/gomlx/cmd/gomlx_checkpoints/main.go:132.85,136.51 1 0
github.com/gomlx/gomlx/cmd/gomlx_checkpoints/main.go:136.51,137.15 1 0
github.com/gomlx/gomlx/cmd/gomlx_checkpoints/main.go:137.15,140.5 2 0
github.com/gomlx/gomlx/cmd/gomlx_checkpoints/main.go:141.4,141.11 1 0
github.com/gomlx/gomlx/cmd/gomlx_checkpoints/main.go:142.20,144.20 1 0
github.com/gomlx/gomlx/cmd/gomlx_checkpoints/main.go:145.12,147.21 1 0
github.com/gomlx/gomlx/cmd/gomlx_checkpoints/main.go:149.4,150.29 2 0
github.com/gomlx/gomlx/cmd/gomlx_checkpoints/main.go:150.29,152.5 1 0
github.com/gomlx/gomlx/cmd/gomlx_checkpoints/main.go:152.10,152.34 1 0
github.com/gomlx/gomlx/cmd/gomlx_checkpoints/main.go:152.34,154.5 1 0
github.com/gomlx/gomlx/cmd/gomlx_checkpoints/main.go:155.4,156.10 2 0
github.com/gomlx/gomlx/cmd/gomlx_checkpoints/main.go:160.37,162.46 2 0
github.com/gomlx/gomlx/cmd/gomlx_checkpoints/main.go:162.46,165.3 1 0
github.com/gomlx/gomlx/cmd/gomlx_checkpoints/main.go:166.2,167.22 2 0
github.com/gomlx/gomlx/cmd/gomlx_checkpoints/main.go:167.22,169.3 1 0
github.com/gomlx/gomlx/cmd/gomlx_checkpoints/main.go:172.2,172.18 1 0
github.com/gomlx/gomlx/cmd/gomlx_checkpoints/main.go:172.18,178.27 6 0
github.com/gomlx/gomlx/cmd/gomlx_checkpoints/main.go:178.27,181.4 2 0
github.com/gomlx/gomlx/cmd/gomlx_checkpoints/main.go:183.3,185.65 3 0
github.com/gomlx/gomlx/cmd/gomlx_checkpoints/main.go:185.65,189.4 3 0
github.com/gomlx/gomlx/cmd/gomlx_checkpoints/main.go:190.3,193.30 4 0
github.com/gomlx/gomlx/cmd/gomlx_checkpoints/main.go:196.2,196.17 1 0
github.com/gomlx/gomlx/cmd/gomlx_checkpoints/main.go:196.17,200.58 4 0
github.com/gomlx/gomlx/cmd/gomlx_checkpoints/main.go:200.58,202.4 1 0
github.com/gomlx/gomlx/cmd/gomlx_checkpoints/main.go:203.3,203.30 1 0
github.com/gomlx/gomlx/cmd/gomlx_checkpoints/main.go:206.2,206.15 1 0
github.com/gomlx/gomlx/cmd/gomlx_checkpoints/main.go:206.15,208.3 1 0
github.com/gomlx/gomlx/cmd/gomlx_checkpoints/main.go:210.2,210.40 1 0
github.com/gomlx/gomlx/cmd/gomlx_checkpoints/main.go:210.40,212.3 1 0
github.com/gomlx/gomlx/cmd/gomlx_checkpoints/main.go:215.37,218.22 3 0
github.com/gomlx/gomlx/cmd/gomlx_checkpoints/main.go:218.22,220.3 1 0
github.com/gomlx/gomlx/cmd/gomlx_checkpoints/main.go:222.2,223.29 2 0
github.com/gomlx/gomlx/cmd/gomlx_checkpoints/main.go:223.29,225.62 2 0
github.com/gomlx/gomlx/cmd/gomlx_checkpoints/main.go:225.62,227.4 1 0
github.com/gomlx/gomlx/cmd/gomlx_checkpoints/main.go:229.2,229.29 1 0
github.com/gomlx/gomlx/cmd/gomlx_checkpoints/main.go:229.29,231.62 2 0
github.com/gomlx/gomlx/cmd/gomlx_checkpoints/main.go:231.62,233.4 1 0
github.com/gomlx/gomlx/cmd/gomlx_checkpoints/main.go:235.2,238.31 4 0
github.com/gomlx/gomlx/cmd/gomlx_checkpoints/main.go:238.31,241.49 3 0
github.com/gomlx/gomlx/cmd/gomlx_checkpoints/main.go:241.49,244.32 3 0
github.com/gomlx/gomlx/cmd/gomlx_checkpoints/main.go:244.32,245.13 1 0
github.com/gomlx/gomlx/cmd/gomlx_checkpoints/main.go:248.3,248.34 1 0
github.com/gomlx/gomlx/cmd/gomlx_checkpoints/main.go:252.2,254.29 3 0
github.com/gomlx/gomlx/cmd/gomlx_checkpoints/main.go:254.29,256.62 1 0
github.com/gomlx/gomlx/cmd/gomlx_checkpoints/main.go:256.62,257.48 1 0
github.com/gomlx/gomlx/cmd/gomlx_checkpoints/main.go:257.48,259.5 1 0
github.com/gomlx/gomlx/cmd/gomlx_checkpoints/main.go:260.4,260.29 1 0
github.com/gomlx/gomlx/cmd/gomlx_checkpoints/main.go:260.29,263.5 2 0
github.com/gomlx/gomlx/cmd/gomlx_checkpoints/main.go:267.2,267.56 1 0
github.com/gomlx/gomlx/cmd/gomlx_checkpoints/main.go:267.56,268.45 1 0
github.com/gomlx/gomlx/cmd/gomlx_checkpoints/main.go:268.45,269.12 1 0
github.com/gomlx/gomlx/cmd/gomlx_checkpoints/main.go:271.3,272.12 2 0
github.com/gomlx/gomlx/cmd/gomlx_checkpoints/main.go:275.2,275.24 1 0
github.com/gomlx/gomlx/cmd/gomlx_checkpoints/main.go:275.24,277.3 1 0
github.com/gomlx/gomlx/cmd/gomlx_checkpoints/main.go:279.2,279.18 1 0
github.com/gomlx/gomlx/cmd/gomlx_checkpoints/main.go:279.18,281.3 1 0
github.com/gomlx/gomlx/cmd/gomlx_checkpoints/main.go:285.117,290.39 5 0
github.com/gomlx/gomlx/cmd/gomlx_checkpoints/main.go:290.39,292.13 2 0
github.com/gomlx/gomlx/cmd/gomlx_checkpoints/main.go:292.13,296.4 2 0
github.com/gomlx/gomlx/cmd/gomlx_checkpoints/main.go:297.3,297.38 1 0
github.com/gomlx/gomlx/cmd/gomlx_checkpoints/main.go:299.2,299.27 1 0
github.com/gomlx/gomlx/cmd/gomlx_checkpoints/main.go:299.27,301.3 1 0
github.com/gomlx/gomlx/cmd/gomlx_checkpoints/main.go:302.2,302.29 1 0
github.com/gomlx/gomlx/cmd/gomlx_checkpoints/main.go:306.125,311.38 5 0
github.com/gomlx/gomlx/cmd/gomlx_checkpoints/main.go:311.38,313.3 1 0
github.com/gomlx/gomlx/cmd/gomlx_checkpoints/main.go:314.2,318.31 4 0
github.com/gomlx/gomlx/cmd/gomlx_checkpoints/main.go:318.31,320.26 2 0
github.com/gomlx/gomlx/cmd/gomlx_checkpoints/main.go:320.26,321.25 1 0
github.com/gomlx/gomlx/cmd/gomlx_checkpoints/main.go:321.25,323.5 1 0
github.com/gomlx/gomlx/cmd/gomlx_checkpoints/main.go:324.4,326.40 3 0
github.com/gomlx/gomlx/cmd/gomlx_checkpoints/main.go:328.3,329.12 2 0
github.com/gomlx/gomlx/cmd/gomlx_checkpoints/main.go:329.12,331.28 2 0
github.com/gomlx/gomlx/cmd/gomlx_checkpoints/main.go:332.20,333.53 1 0
github.com/gomlx/gomlx/cmd/gomlx_checkpoints/main.go:334.12,335.45 1 0
github.com/gomlx/gomlx/cmd/gomlx_checkpoints/main.go:337.4,337.27 1 0
github.com/gomlx/gomlx/cmd/gomlx_checkpoints/main.go:340.2,340.23 1 0
github.com/gomlx/gomlx/cmd/gomlx_checkpoints/main.go:340.23,342.3 1 0
github.com/gomlx/gomlx/cmd/gomlx_checkpoints/main.go:343.2,343.29 1 0
github.com/gomlx/gomlx/cmd/gomlx_checkpoints/main.go:347.42,349.77 2 0
github.com/gomlx/gomlx/cmd/gomlx_checkpoints/main.go:349.77,355.3 5 0
github.com/gomlx/gomlx/cmd/gomlx_checkpoints/main.go:356.2,359.58 4 0
github.com/gomlx/gomlx/cmd/gomlx_checkpoints/main.go:359.58,362.28 3 0
github.com/gomlx/gomlx/cmd/gomlx_checkpoints/main.go:362.28,367.4 4 0
github.com/gomlx/gomlx/cmd/gomlx_checkpoints/main.go:368.3,373.5 1 0
github.com/gomlx/gomlx/cmd/gomlx_checkpoints/main.go:375.2,375.48 1 0
github.com/gomlx/gomlx/cmd/gomlx_checkpoints/main.go:375.48,377.15 2 0
github.com/gomlx/gomlx/cmd/gomlx_checkpoints/main.go:377.15,379.4 1 0
github.com/gomlx/gomlx/cmd/gomlx_checkpoints/main.go:380.3,380.37 1 0
github.com/gomlx/gomlx/cmd/gomlx_checkpoints/main.go:382.2,382.27 1 0
github.com/gomlx/gomlx/cmd/gomlx_checkpoints/main.go:382.27,384.3 1 0
github.com/gomlx/gomlx/cmd/gomlx_checkpoints/main.go:385.2,386.19 2 0
github.com/gomlx/gomlx/cmd/gomlx_checkpoints/main.go:386.19,391.3 4 0
github.com/gomlx/gomlx/cmd/gomlx_checkpoints/main.go:395.58,400.31 4 0
github.com/gomlx/gomlx/cmd/gomlx_checkpoints/main.go:400.31,401.18 1 0
github.com/gomlx/gomlx/cmd/gomlx_checkpoints/main.go:401.18,402.12 1 0
github.com/gomlx/gomlx/cmd/gomlx_checkpoints/main.go:404.3,405.52 2 0
github.com/gomlx/gomlx/cmd/gomlx_checkpoints/main.go:405.52,406.71 1 0
github.com/gomlx/gomlx/cmd/gomlx_checkpoints/main.go:406.71,408.5 1 0
github.com/gomlx/gomlx/cmd/gomlx_checkpoints/main.go:411.2,411.28 1 0
github.com/gomlx/gomlx/cmd/gomlx_checkpoints/main.go:411.28,414.3 1 0
github.com/gomlx/gomlx/cmd/gomlx_checkpoints/main.go:415.2,415.33 1 0
github.com/gomlx/gomlx/cmd/gomlx_checkpoints/main.go:415.33,417.3 1 0
github.com/gomlx/gomlx/cmd/gomlx_checkpoints/main.go:418.2,419.99 2 0
github.com/gomlx/gomlx/cmd/gomlx_checkpoints/main.go:422.36,429.2 5 0
github.com/gomlx/gomlx/cmd/graph_generator/main.go:18.13,23.2 4 0
github.com/gomlx/gomlx/cmd/graph_generator/main.go:55.48,57.36 2 0
github.com/gomlx/gomlx/cmd/graph_generator/main.go:57.36,67.19 3 0
github.com/gomlx/gomlx/cmd/graph_generator/main.go:67.19,69.4 1 0
github.com/gomlx/gomlx/cmd/graph_generator/main.go:70.3,70.51 1 0
github.com/gomlx/gomlx/cmd/graph_generator/main.go:70.51,71.73 1 0
github.com/gomlx/gomlx/cmd/graph_generator/main.go:71.73,71.94 1 0
github.com/gomlx/gomlx/cmd/graph_generator/main.go:72.4,72.41 1 0
github.com/gomlx/gomlx/cmd/graph_generator/main.go:72.41,78.27 3 0
github.com/gomlx/gomlx/cmd/graph_generator/main.go:79.15,85.59 6 0
github.com/gomlx/gomlx/cmd/graph_generator/main.go:86.18,96.17 8 0
github.com/gomlx/gomlx/cmd/graph_generator/main.go:97.17,107.17 8 0
github.com/gomlx/gomlx/cmd/graph_generator/main.go:108.31,111.23 3 0
github.com/gomlx/gomlx/cmd/graph_generator/main.go:112.20,114.23 2 0
github.com/gomlx/gomlx/cmd/graph_generator/main.go:115.23,120.23 5 0
github.com/gomlx/gomlx/cmd/graph_generator/main.go:121.20,123.22 2 0
github.com/gomlx/gomlx/cmd/graph_generator/main.go:124.13,125.50 1 0
github.com/gomlx/gomlx/cmd/graph_generator/main.go:125.50,129.7 3 0
github.com/gomlx/gomlx/cmd/graph_generator/main.go:129.12,129.54 1 0
github.com/gomlx/gomlx/cmd/graph_generator/main.go:129.54,131.7 1 0
github.com/gomlx/gomlx/cmd/graph_generator/main.go:133.5,133.27 1 0
github.com/gomlx/gomlx/cmd/graph_generator/main.go:133.27,135.6 1 0
github.com/gomlx/gomlx/cmd/graph_generator/main.go:136.5,136.31 1 0
github.com/gomlx/gomlx/cmd/graph_generator/main.go:136.31,138.6 1 0
github.com/gomlx/gomlx/cmd/graph_generator/main.go:139.5,139.31 1 0
github.com/gomlx/gomlx/cmd/graph_generator/main.go:139.31,141.6 1 0
github.com/gomlx/gomlx/cmd/graph_generator/main.go:142.5,142.34 1 0
github.com/gomlx/gomlx/cmd/graph_generator/main.go:142.34,144.6 1 0
github.com/gomlx/gomlx/cmd/graph_generator/main.go:145.5,145.24 1 0
github.com/gomlx/gomlx/cmd/graph_generator/main.go:145.24,147.6 1 0
github.com/gomlx/gomlx/cmd/graph_generator/main.go:148.5,148.29 1 0
github.com/gomlx/gomlx/cmd/graph_generator/main.go:148.29,150.6 1 0
github.com/gomlx/gomlx/cmd/graph_generator/main.go:152.4,152.69 1 0
github.com/gomlx/gomlx/cmd/graph_generator/main.go:155.3,155.52 1 0
github.com/gomlx/gomlx/cmd/graph_generator/main.go:155.52,156.42 1 0
github.com/gomlx/gomlx/cmd/graph_generator/main.go:156.42,159.5 1 0
github.com/gomlx/gomlx/cmd/graph_generator/main.go:161.3,161.30 1 0
github.com/gomlx/gomlx/cmd/graph_generator/main.go:161.30,163.4 1 0
github.com/gomlx/gomlx/cmd/graph_generator/main.go:165.2,165.16 1 0
github.com/gomlx/gomlx/cmd/graph_generator/main.go:291.48,293.54 1 0
github.com/gomlx/gomlx/cmd/graph_generator/main.go:293.54,293.110 1 0
github.com/gomlx/gomlx/cmd/graph_generator/main.go:295.2,305.19 10 0
github.com/gomlx/gomlx/cmd/graph_generator/parsebackends/parsebackends.go:19.34,21.6 2 0
github.com/gomlx/gomlx/cmd/graph_generator/parsebackends/parsebackends.go:21.6,23.17 2 0
github.com/gomlx/gomlx/cmd/graph_generator/parsebackends/parsebackends.go:23.17,26.4 1 0
github.com/gomlx/gomlx/cmd/graph_generator/parsebackends/parsebackends.go:27.3,27.26 1 0
github.com/gomlx/gomlx/cmd/graph_generator/parsebackends/parsebackends.go:27.26,28.14 1 0
github.com/gomlx/gomlx/cmd/graph_generator/parsebackends/parsebackends.go:31.3,31.22 1 0
github.com/gomlx/gomlx/cmd/graph_generator/parsebackends/parsebackends.go:36.27,38.2 1 0
github.com/gomlx/gomlx/cmd/graph_generator/parsebackends/parsebackends.go:43.49,48.2 4 0
github.com/gomlx/gomlx/cmd/graph_generator/parsebackends/parsebackends.go:57.79,61.37 4 0
github.com/gomlx/gomlx/cmd/graph_generator/parsebackends/parsebackends.go:61.37,63.3 1 0
github.com/gomlx/gomlx/cmd/graph_generator/parsebackends/parsebackends.go:64.2,64.8 1 0
github.com/gomlx/gomlx/cmd/graph_generator/parsebackends/parsebackends.go:67.90,69.33 2 0
github.com/gomlx/gomlx/cmd/graph_generator/parsebackends/parsebackends.go:69.33,70.35 1 0
github.com/gomlx/gomlx/cmd/graph_generator/parsebackends/parsebackends.go:70.35,73.11 2 0
github.com/gomlx/gomlx/cmd/graph_generator/parsebackends/parsebackends.go:73.11,74.13 1 0
github.com/gomlx/gomlx/cmd/graph_generator/parsebackends/parsebackends.go:78.4,78.39 1 0
github.com/gomlx/gomlx/cmd/graph_generator/parsebackends/parsebackends.go:78.39,80.12 2 0
github.com/gomlx/gomlx/cmd/graph_generator/parsebackends/parsebackends.go:80.12,81.14 1 0
github.com/gomlx/gomlx/cmd/graph_generator/parsebackends/parsebackends.go:85.5,86.12 2 0
github.com/gomlx/gomlx/cmd/graph_generator/parsebackends/parsebackends.go:86.12,87.14 1 0
github.com/gomlx/gomlx/cmd/graph_generator/parsebackends/parsebackends.go:89.5,89.44 1 0
github.com/gomlx/gomlx/cmd/graph_generator/parsebackends/parsebackends.go:89.44,90.14 1 0
github.com/gomlx/gomlx/cmd/graph_generator/parsebackends/parsebackends.go:94.5,94.54 1 0
github.com/gomlx/gomlx/cmd/graph_generator/parsebackends/parsebackends.go:94.54,95.74 1 0
github.com/gomlx/gomlx/cmd/graph_generator/parsebackends/parsebackends.go:95.74,95.91 1 0
github.com/gomlx/gomlx/cmd/graph_generator/parsebackends/parsebackends.go:96.6,96.44 1 0
github.com/gomlx/gomlx/cmd/graph_generator/parsebackends/parsebackends.go:97.25,98.40 1 0
github.com/gomlx/gomlx/cmd/graph_generator/parsebackends/parsebackends.go:98.40,100.8 1 0
github.com/gomlx/gomlx/cmd/graph_generator/parsebackends/parsebackends.go:101.22,102.32 1 0
github.com/gomlx/gomlx/cmd/graph_generator/parsebackends/parsebackends.go:102.32,106.52 2 0
github.com/gomlx/gomlx/cmd/graph_generator/parsebackends/parsebackends.go:106.52,108.9 1 0
github.com/gomlx/gomlx/cmd/graph_generator/parsebackends/parsebackends.go:110.14,111.70 1 0
github.com/gomlx/gomlx/cmd/graph_generator/parsebackends/parsebackends.go:117.2,117.16 1 0
github.com/gomlx/gomlx/cmd/graph_generator/parsebackends/parsebackends.go:126.67,131.2 1 0
github.com/gomlx/gomlx/cmd/graph_generator/parsebackends/parsebackends.go:133.55,142.9 6 0
github.com/gomlx/gomlx/cmd/graph_generator/parsebackends/parsebackends.go:142.9,150.3 4 0
github.com/gomlx/gomlx/cmd/graph_generator/parsebackends/parsebackends.go:153.2,154.34 2 0
github.com/gomlx/gomlx/cmd/graph_generator/parsebackends/parsebackends.go:154.34,156.3 1 0
github.com/gomlx/gomlx/cmd/graph_generator/parsebackends/parsebackends.go:157.2,157.50 1 0
github.com/gomlx/gomlx/examples/FlowMatching/generator.go:38.74,39.52 1 0
github.com/gomlx/gomlx/examples/FlowMatching/generator.go:39.52,43.3 3 0
github.com/gomlx/gomlx/examples/FlowMatching/generator.go:47.78,49.28 2 0
github.com/gomlx/gomlx/examples/FlowMatching/generator.go:49.28,51.3 1 0
github.com/gomlx/gomlx/examples/FlowMatching/generator.go:52.2,52.37 1 0
github.com/gomlx/gomlx/examples/FlowMatching/generator.go:64.100,66.41 2 0
github.com/gomlx/gomlx/examples/FlowMatching/generator.go:66.41,68.20 2 0
github.com/gomlx/gomlx/examples/FlowMatching/generator.go:68.20,70.4 1 0
github.com/gomlx/gomlx/examples/FlowMatching/generator.go:70.9,72.4 1 0
github.com/gomlx/gomlx/examples/FlowMatching/generator.go:73.3,73.11 1 0
github.com/gomlx/gomlx/examples/FlowMatching/generator.go:75.2,84.46 8 0
github.com/gomlx/gomlx/examples/FlowMatching/generator.go:100.113,102.19 2 0
github.com/gomlx/gomlx/examples/FlowMatching/generator.go:102.19,104.3 1 0
github.com/gomlx/gomlx/examples/FlowMatching/generator.go:105.2,106.96 2 0
github.com/gomlx/gomlx/examples/FlowMatching/generator.go:106.96,110.3 1 0
github.com/gomlx/gomlx/examples/FlowMatching/generator.go:111.2,119.66 1 0
github.com/gomlx/gomlx/examples/FlowMatching/generator.go:119.66,121.4 1 0
github.com/gomlx/gomlx/examples/FlowMatching/generator.go:134.102,141.43 4 0
github.com/gomlx/gomlx/examples/FlowMatching/generator.go:141.43,144.15 2 0
github.com/gomlx/gomlx/examples/FlowMatching/generator.go:144.15,147.28 3 0
github.com/gomlx/gomlx/examples/FlowMatching/generator.go:147.28,149.5 1 0
github.com/gomlx/gomlx/examples/FlowMatching/generator.go:150.4,151.82 1 0
github.com/gomlx/gomlx/examples/FlowMatching/generator.go:153.3,153.53 1 0
github.com/gomlx/gomlx/examples/FlowMatching/generator.go:153.53,156.4 2 0
github.com/gomlx/gomlx/examples/FlowMatching/generator.go:158.2,158.8 1 0
github.com/gomlx/gomlx/examples/FlowMatching/generator.go:165.70,168.2 2 0
github.com/gomlx/gomlx/examples/FlowMatching/generator.go:174.48,175.23 1 0
github.com/gomlx/gomlx/examples/FlowMatching/generator.go:175.23,178.3 2 0
github.com/gomlx/gomlx/examples/FlowMatching/generator.go:184.39,185.23 1 0
github.com/gomlx/gomlx/examples/FlowMatching/generator.go:185.23,187.3 1 0
github.com/gomlx/gomlx/examples/FlowMatching/generator.go:192.48,194.29 2 0
github.com/gomlx/gomlx/examples/FlowMatching/generator.go:194.29,197.3 2 0
github.com/gomlx/gomlx/examples/FlowMatching/generator.go:198.2,199.81 1 0
github.com/gomlx/gomlx/examples/FlowMatching/generator.go:213.108,214.27 1 0
github.com/gomlx/gomlx/examples/FlowMatching/generator.go:214.27,216.3 1 0
github.com/gomlx/gomlx/examples/FlowMatching/generator.go:217.2,217.24 1 0
github.com/gomlx/gomlx/examples/FlowMatching/generator.go:217.24,219.3 1 0
github.com/gomlx/gomlx/examples/FlowMatching/generator.go:220.2,223.32 4 0
github.com/gomlx/gomlx/examples/FlowMatching/generator.go:223.32,225.3 1 0
github.com/gomlx/gomlx/examples/FlowMatching/generator.go:225.8,225.39 1 0
github.com/gomlx/gomlx/examples/FlowMatching/generator.go:225.39,228.3 2 0
github.com/gomlx/gomlx/examples/FlowMatching/generator.go:228.8,228.38 1 0
github.com/gomlx/gomlx/examples/FlowMatching/generator.go:228.38,230.3 1 0
github.com/gomlx/gomlx/examples/FlowMatching/generator.go:231.2,233.32 3 0
github.com/gomlx/gomlx/examples/FlowMatching/generator.go:233.32,234.20 1 0
github.com/gomlx/gomlx/examples/FlowMatching/generator.go:234.20,235.12 1 0
github.com/gomlx/gomlx/examples/FlowMatching/generator.go:237.3,239.58 3 0
github.com/gomlx/gomlx/examples/FlowMatching/generator.go:239.58,240.12 1 0
github.com/gomlx/gomlx/examples/FlowMatching/generator.go:242.3,243.58 2 0
github.com/gomlx/gomlx/examples/FlowMatching/generator.go:243.58,244.12 1 0
github.com/gomlx/gomlx/examples/FlowMatching/generator.go:246.3,246.24 1 0
github.com/gomlx/gomlx/examples/FlowMatching/generator.go:246.24,247.34 1 0
github.com/gomlx/gomlx/examples/FlowMatching/generator.go:247.34,248.13 1 0
github.com/gomlx/gomlx/examples/FlowMatching/generator.go:250.4,250.27 1 0
github.com/gomlx/gomlx/examples/FlowMatching/generator.go:250.27,252.33 1 0
github.com/gomlx/gomlx/examples/FlowMatching/generator.go:252.33,253.45 1 0
github.com/gomlx/gomlx/examples/FlowMatching/generator.go:253.45,256.7 2 0
github.com/gomlx/gomlx/examples/FlowMatching/generator.go:257.6,257.14 1 0
github.com/gomlx/gomlx/examples/FlowMatching/generator.go:262.3,263.64 2 0
github.com/gomlx/gomlx/examples/FlowMatching/generator.go:266.2,266.30 1 0
github.com/gomlx/gomlx/examples/FlowMatching/generator.go:266.30,269.3 2 0
github.com/gomlx/gomlx/examples/FlowMatching/generator.go:271.2,272.14 2 0
github.com/gomlx/gomlx/examples/FlowMatching/generator.go:272.14,274.49 1 0
github.com/gomlx/gomlx/examples/FlowMatching/generator.go:274.49,280.4 5 0
github.com/gomlx/gomlx/examples/FlowMatching/generator.go:281.3,281.9 1 0
github.com/gomlx/gomlx/examples/FlowMatching/generator.go:284.2,298.48 2 0
github.com/gomlx/gomlx/examples/FlowMatching/generator.go:298.48,302.90 4 0
github.com/gomlx/gomlx/examples/FlowMatching/generator.go:302.90,305.4 1 0
github.com/gomlx/gomlx/examples/FlowMatching/generator.go:308.2,353.34 4 0
github.com/gomlx/gomlx/examples/FlowMatching/generator.go:363.106,364.27 1 0
github.com/gomlx/gomlx/examples/FlowMatching/generator.go:364.27,366.3 1 0
github.com/gomlx/gomlx/examples/FlowMatching/generator.go:367.2,378.50 10 0
github.com/gomlx/gomlx/examples/FlowMatching/generator.go:378.50,381.3 2 0
github.com/gomlx/gomlx/examples/FlowMatching/generator.go:390.133,396.44 2 0
github.com/gomlx/gomlx/examples/FlowMatching/generator.go:396.44,403.42 7 0
github.com/gomlx/gomlx/examples/FlowMatching/generator.go:403.42,405.4 1 0
github.com/gomlx/gomlx/examples/FlowMatching/generator.go:406.3,409.4 1 0
github.com/gomlx/gomlx/examples/FlowMatching/generator.go:413.2,430.12 12 0
github.com/gomlx/gomlx/examples/FlowMatching/generator.go:430.12,431.7 1 0
github.com/gomlx/gomlx/examples/FlowMatching/generator.go:431.7,432.11 1 0
github.com/gomlx/gomlx/examples/FlowMatching/generator.go:433.33,436.64 2 0
github.com/gomlx/gomlx/examples/FlowMatching/generator.go:437.27,439.11 2 0
github.com/gomlx/gomlx/examples/FlowMatching/generator.go:443.2,443.13 1 0
github.com/gomlx/gomlx/examples/FlowMatching/generator.go:450.146,457.2 6 0
github.com/gomlx/gomlx/examples/FlowMatching/generator.go:463.128,465.32 2 0
github.com/gomlx/gomlx/examples/FlowMatching/generator.go:465.32,470.66 5 0
github.com/gomlx/gomlx/examples/FlowMatching/generator.go:470.66,478.4 5 0
github.com/gomlx/gomlx/examples/FlowMatching/generator.go:479.3,480.20 2 0
github.com/gomlx/gomlx/examples/FlowMatching/generator.go:482.2,495.12 10 0
github.com/gomlx/gomlx/examples/FlowMatching/generator.go:495.12,496.7 1 0
github.com/gomlx/gomlx/examples/FlowMatching/generator.go:496.7,497.11 1 0
github.com/gomlx/gomlx/examples/FlowMatching/generator.go:498.30,499.48 1 0
github.com/gomlx/gomlx/examples/FlowMatching/generator.go:500.27,502.11 2 0
github.com/gomlx/gomlx/examples/FlowMatching/generator.go:506.2,506.13 1 0
github.com/gomlx/gomlx/examples/FlowMatching/generator.go:512.117,517.53 5 0
github.com/gomlx/gomlx/examples/FlowMatching/generator.go:517.53,522.3 4 0
github.com/gomlx/gomlx/examples/FlowMatching/generator.go:523.2,525.29 3 0
github.com/gomlx/gomlx/examples/FlowMatching/generator.go:542.103,556.2 7 0
github.com/gomlx/gomlx/examples/FlowMatching/generator.go:558.95,567.2 6 0
github.com/gomlx/gomlx/examples/FlowMatching/generator.go:569.57,574.6 5 0
github.com/gomlx/gomlx/examples/FlowMatching/generator.go:574.6,576.20 2 0
github.com/gomlx/gomlx/examples/FlowMatching/generator.go:576.20,577.9 1 0
github.com/gomlx/gomlx/examples/FlowMatching/generator.go:579.3,582.20 3 0
github.com/gomlx/gomlx/examples/FlowMatching/generator.go:582.20,584.4 1 0
github.com/gomlx/gomlx/examples/FlowMatching/generator.go:585.3,585.63 1 0
github.com/gomlx/gomlx/examples/FlowMatching/generator.go:587.2,587.16 1 0
github.com/gomlx/gomlx/examples/FlowMatching/generator.go:587.16,589.3 1 0
github.com/gomlx/gomlx/examples/FlowMatching/generator.go:590.2,590.8 1 0
github.com/gomlx/gomlx/examples/FlowMatching/makemoons.go:23.61,36.2 11 0
github.com/gomlx/gomlx/examples/FlowMatching/settings.go:15.46,116.2 4 0
github.com/gomlx/gomlx/examples/FlowMatching/train.go:29.101,35.20 4 0
github.com/gomlx/gomlx/examples/FlowMatching/train.go:35.20,37.3 1 0
github.com/gomlx/gomlx/examples/FlowMatching/train.go:40.2,42.25 3 0
github.com/gomlx/gomlx/examples/FlowMatching/train.go:42.25,44.3 1 0
github.com/gomlx/gomlx/examples/FlowMatching/train.go:45.2,45.20 1 0
github.com/gomlx/gomlx/examples/FlowMatching/train.go:45.20,47.3 1 0
github.com/gomlx/gomlx/examples/FlowMatching/train.go:48.2,48.48 1 0
github.com/gomlx/gomlx/examples/FlowMatching/train.go:48.48,51.3 1 0
github.com/gomlx/gomlx/examples/FlowMatching/train.go:52.2,52.20 1 0
github.com/gomlx/gomlx/examples/FlowMatching/train.go:52.20,54.40 1 0
github.com/gomlx/gomlx/examples/FlowMatching/train.go:54.40,56.19 2 0
github.com/gomlx/gomlx/examples/FlowMatching/train.go:56.19,57.50 1 0
github.com/gomlx/gomlx/examples/FlowMatching/train.go:57.50,59.6 1 0
github.com/gomlx/gomlx/examples/FlowMatching/train.go:60.10,61.67 1 0
github.com/gomlx/gomlx/examples/FlowMatching/train.go:61.67,63.6 1 0
github.com/gomlx/gomlx/examples/FlowMatching/train.go:69.2,75.66 7 0
github.com/gomlx/gomlx/examples/FlowMatching/train.go:75.66,79.3 3 0
github.com/gomlx/gomlx/examples/FlowMatching/train.go:79.8,81.3 1 0
github.com/gomlx/gomlx/examples/FlowMatching/train.go:84.2,84.56 1 0
github.com/gomlx/gomlx/examples/FlowMatching/train.go:84.56,84.81 1 0
github.com/gomlx/gomlx/examples/FlowMatching/train.go:88.2,93.29 2 0
github.com/gomlx/gomlx/examples/FlowMatching/train.go:93.29,94.70 1 0
github.com/gomlx/gomlx/examples/FlowMatching/train.go:94.70,96.4 1 0
github.com/gomlx/gomlx/examples/FlowMatching/train.go:100.2,101.20 2 0
github.com/gomlx/gomlx/examples/FlowMatching/train.go:101.20,103.3 1 0
github.com/gomlx/gomlx/examples/FlowMatching/train.go:106.2,106.23 1 0
github.com/gomlx/gomlx/examples/FlowMatching/train.go:106.23,110.60 2 0
github.com/gomlx/gomlx/examples/FlowMatching/train.go:110.60,112.5 1 0
github.com/gomlx/gomlx/examples/FlowMatching/train.go:117.2,118.55 2 0
github.com/gomlx/gomlx/examples/FlowMatching/train.go:118.55,124.3 1 0
github.com/gomlx/gomlx/examples/FlowMatching/train.go:125.2,132.43 4 0
github.com/gomlx/gomlx/examples/FlowMatching/train.go:132.43,136.3 3 0
github.com/gomlx/gomlx/examples/FlowMatching/train.go:138.2,140.20 3 0
github.com/gomlx/gomlx/examples/FlowMatching/train.go:140.20,142.74 1 0
github.com/gomlx/gomlx/examples/FlowMatching/train.go:142.74,144.5 1 0
github.com/gomlx/gomlx/examples/FlowMatching/train.go:148.2,150.20 3 0
github.com/gomlx/gomlx/examples/FlowMatching/train.go:150.20,152.3 1 0
github.com/gomlx/gomlx/examples/FlowMatching/train.go:153.2,153.32 1 0
github.com/gomlx/gomlx/examples/FlowMatching/train.go:153.32,156.21 3 0
github.com/gomlx/gomlx/examples/FlowMatching/train.go:156.21,159.4 1 0
github.com/gomlx/gomlx/examples/FlowMatching/train.go:160.3,160.17 1 0
github.com/gomlx/gomlx/examples/FlowMatching/train.go:160.17,161.38 1 0
github.com/gomlx/gomlx/examples/FlowMatching/train.go:161.38,164.23 3 0
github.com/gomlx/gomlx/examples/FlowMatching/train.go:164.23,166.6 1 0
github.com/gomlx/gomlx/examples/FlowMatching/train.go:168.4,168.50 1 0
github.com/gomlx/gomlx/examples/FlowMatching/train.go:172.3,172.53 1 0
github.com/gomlx/gomlx/examples/FlowMatching/train.go:172.53,174.25 2 0
github.com/gomlx/gomlx/examples/FlowMatching/train.go:174.25,176.5 1 0
github.com/gomlx/gomlx/examples/FlowMatching/train.go:179.8,182.3 1 0
github.com/gomlx/gomlx/examples/FlowMatching/train.go:185.2,185.19 1 0
github.com/gomlx/gomlx/examples/FlowMatching/train.go:185.19,186.21 1 0
github.com/gomlx/gomlx/examples/FlowMatching/train.go:186.21,188.4 1 0
github.com/gomlx/gomlx/examples/FlowMatching/train.go:189.3,189.69 1 0
github.com/gomlx/gomlx/examples/FlowMatching/train.go:197.70,198.70 1 0
github.com/gomlx/gomlx/examples/FlowMatching/train.go:198.70,203.51 3 0
github.com/gomlx/gomlx/examples/FlowMatching/train.go:203.51,207.4 2 0
github.com/gomlx/gomlx/examples/FlowMatching/train.go:208.3,230.24 13 0
github.com/gomlx/gomlx/examples/FlowMatching/train.go:230.24,233.4 1 0
github.com/gomlx/gomlx/examples/FlowMatching/train.go:233.9,237.4 1 0
github.com/gomlx/gomlx/examples/FlowMatching/train.go:238.3,258.58 10 0
github.com/gomlx/gomlx/examples/FlowMatching/train.go:258.58,261.4 2 0
github.com/gomlx/gomlx/examples/FlowMatching/train.go:263.3,264.23 2 0
github.com/gomlx/gomlx/examples/FlowMatching/train.go:264.23,266.4 1 0
github.com/gomlx/gomlx/examples/FlowMatching/train.go:267.3,267.42 1 0
github.com/gomlx/gomlx/examples/FlowMatching/train.go:274.111,278.23 1 0
github.com/gomlx/gomlx/examples/FlowMatching/train.go:278.23,281.3 1 0
github.com/gomlx/gomlx/examples/FlowMatching/train.go:282.2,289.16 4 0
github.com/gomlx/gomlx/examples/FlowMatching/train.go:289.16,301.3 3 0
github.com/gomlx/gomlx/examples/FlowMatching/train.go:304.2,308.12 5 0
github.com/gomlx/gomlx/examples/FlowMatching/demo/main.go:27.13,34.43 7 0
github.com/gomlx/gomlx/examples/FlowMatching/demo/main.go:34.43,36.3 1 0
github.com/gomlx/gomlx/examples/FlowMatching/demo/main.go:37.2,37.16 1 0
github.com/gomlx/gomlx/examples/FlowMatching/demo/main.go:37.16,39.3 1 0
github.com/gomlx/gomlx/examples/adult/dataset.go:44.96,49.16 3 0
github.com/gomlx/gomlx/examples/adult/dataset.go:49.16,50.72 1 0
github.com/gomlx/gomlx/examples/adult/dataset.go:52.2,52.11 1 0
github.com/gomlx/gomlx/examples/adult/dataset.go:57.65,60.28 3 0
github.com/gomlx/gomlx/examples/adult/dataset.go:60.28,63.17 3 0
github.com/gomlx/gomlx/examples/adult/dataset.go:63.17,65.4 1 0
github.com/gomlx/gomlx/examples/adult/dataset.go:66.3,69.38 4 0
github.com/gomlx/gomlx/examples/adult/preprocessing.go:52.31,53.16 1 0
github.com/gomlx/gomlx/examples/adult/preprocessing.go:53.16,54.13 1 0
github.com/gomlx/gomlx/examples/adult/preprocessing.go:62.61,63.20 1 0
github.com/gomlx/gomlx/examples/adult/preprocessing.go:63.20,65.3 1 0
github.com/gomlx/gomlx/examples/adult/preprocessing.go:66.2,70.39 2 0
github.com/gomlx/gomlx/examples/adult/preprocessing.go:70.39,72.12 2 0
github.com/gomlx/gomlx/examples/adult/preprocessing.go:72.12,76.4 3 0
github.com/gomlx/gomlx/examples/adult/preprocessing.go:76.9,78.4 1 0
github.com/gomlx/gomlx/examples/adult/preprocessing.go:79.3,79.21 1 0
github.com/gomlx/gomlx/examples/adult/preprocessing.go:79.21,81.4 1 0
github.com/gomlx/gomlx/examples/adult/preprocessing.go:140.53,142.16 2 0
github.com/gomlx/gomlx/examples/adult/preprocessing.go:142.16,143.13 1 0
github.com/gomlx/gomlx/examples/adult/preprocessing.go:145.2,148.46 4 0
github.com/gomlx/gomlx/examples/adult/preprocessing.go:148.46,150.3 1 0
github.com/gomlx/gomlx/examples/adult/preprocessing.go:151.2,153.11 2 0
github.com/gomlx/gomlx/examples/adult/preprocessing.go:168.93,170.38 2 0
github.com/gomlx/gomlx/examples/adult/preprocessing.go:170.38,173.3 1 0
github.com/gomlx/gomlx/examples/adult/preprocessing.go:176.2,176.27 1 0
github.com/gomlx/gomlx/examples/adult/preprocessing.go:176.27,178.3 1 0
github.com/gomlx/gomlx/examples/adult/preprocessing.go:181.2,181.57 1 0
github.com/gomlx/gomlx/examples/adult/preprocessing.go:181.57,186.21 5 0
github.com/gomlx/gomlx/examples/adult/preprocessing.go:186.21,189.4 1 0
github.com/gomlx/gomlx/examples/adult/preprocessing.go:190.3,197.51 4 0
github.com/gomlx/gomlx/examples/adult/preprocessing.go:201.2,201.20 1 0
github.com/gomlx/gomlx/examples/adult/preprocessing.go:201.20,203.3 1 0
github.com/gomlx/gomlx/examples/adult/preprocessing.go:208.44,210.16 2 0
github.com/gomlx/gomlx/examples/adult/preprocessing.go:210.16,212.3 1 0
github.com/gomlx/gomlx/examples/adult/preprocessing.go:213.2,213.24 1 0
github.com/gomlx/gomlx/examples/adult/preprocessing.go:213.24,215.3 1 0
github.com/gomlx/gomlx/examples/adult/preprocessing.go:216.2,216.19 1 0
github.com/gomlx/gomlx/examples/adult/preprocessing.go:261.58,263.2 1 0
github.com/gomlx/gomlx/examples/adult/preprocessing.go:268.63,272.16 4 0
github.com/gomlx/gomlx/examples/adult/preprocessing.go:272.16,274.3 1 0
github.com/gomlx/gomlx/examples/adult/preprocessing.go:276.2,276.15 1 0
github.com/gomlx/gomlx/examples/adult/preprocessing.go:276.15,278.32 2 0
github.com/gomlx/gomlx/examples/adult/preprocessing.go:278.32,280.4 1 0
github.com/gomlx/gomlx/examples/adult/preprocessing.go:283.2,284.43 2 0
github.com/gomlx/gomlx/examples/adult/preprocessing.go:284.43,286.3 1 0
github.com/gomlx/gomlx/examples/adult/preprocessing.go:287.2,287.12 1 0
github.com/gomlx/gomlx/examples/adult/preprocessing.go:294.64,296.32 2 0
github.com/gomlx/gomlx/examples/adult/preprocessing.go:296.32,298.3 1 0
github.com/gomlx/gomlx/examples/adult/preprocessing.go:300.2,301.16 2 0
github.com/gomlx/gomlx/examples/adult/preprocessing.go:301.16,302.58 1 0
github.com/gomlx/gomlx/examples/adult/preprocessing.go:305.2,305.15 1 0
github.com/gomlx/gomlx/examples/adult/preprocessing.go:305.15,305.43 1 0
github.com/gomlx/gomlx/examples/adult/preprocessing.go:306.2,307.43 2 0
github.com/gomlx/gomlx/examples/adult/preprocessing.go:307.43,308.68 1 0
github.com/gomlx/gomlx/examples/adult/preprocessing.go:310.2,310.13 1 0
github.com/gomlx/gomlx/examples/adult/preprocessing.go:315.51,319.46 2 0
github.com/gomlx/gomlx/examples/adult/preprocessing.go:319.46,321.29 2 0
github.com/gomlx/gomlx/examples/adult/preprocessing.go:321.29,323.12 1 0
github.com/gomlx/gomlx/examples/adult/preprocessing.go:325.3,325.30 1 0
github.com/gomlx/gomlx/examples/adult/preprocessing.go:325.30,326.12 1 0
github.com/gomlx/gomlx/examples/adult/preprocessing.go:328.3,335.55 6 0
github.com/gomlx/gomlx/examples/adult/preprocessing.go:335.55,337.11 2 0
github.com/gomlx/gomlx/examples/adult/preprocessing.go:337.11,340.5 2 0
github.com/gomlx/gomlx/examples/adult/preprocessing.go:342.3,343.33 2 0
github.com/gomlx/gomlx/examples/adult/preprocessing.go:343.33,346.4 1 0
github.com/gomlx/gomlx/examples/adult/preprocessing.go:347.3,347.60 1 0
github.com/gomlx/gomlx/examples/adult/preprocessing.go:354.66,356.46 1 0
github.com/gomlx/gomlx/examples/adult/preprocessing.go:356.46,358.28 2 0
github.com/gomlx/gomlx/examples/adult/preprocessing.go:358.28,359.12 1 0
github.com/gomlx/gomlx/examples/adult/preprocessing.go:361.3,361.31 1 0
github.com/gomlx/gomlx/examples/adult/preprocessing.go:361.31,363.12 1 0
github.com/gomlx/gomlx/examples/adult/preprocessing.go:365.3,373.100 7 0
github.com/gomlx/gomlx/examples/adult/preprocessing.go:373.100,375.39 2 0
github.com/gomlx/gomlx/examples/adult/preprocessing.go:375.39,377.5 1 0
github.com/gomlx/gomlx/examples/adult/preprocessing.go:380.3,381.38 2 0
github.com/gomlx/gomlx/examples/adult/preprocessing.go:381.38,383.4 1 0
github.com/gomlx/gomlx/examples/adult/preprocessing.go:384.3,384.49 1 0
github.com/gomlx/gomlx/examples/adult/preprocessing.go:407.65,419.61 6 0
github.com/gomlx/gomlx/examples/adult/preprocessing.go:419.61,422.49 3 0
github.com/gomlx/gomlx/examples/adult/preprocessing.go:422.49,426.4 3 0
github.com/gomlx/gomlx/examples/adult/preprocessing.go:430.2,430.58 1 0
github.com/gomlx/gomlx/examples/adult/preprocessing.go:430.58,432.49 2 0
github.com/gomlx/gomlx/examples/adult/preprocessing.go:432.49,435.4 2 0
github.com/gomlx/gomlx/examples/adult/preprocessing.go:439.2,439.55 1 0
github.com/gomlx/gomlx/examples/adult/preprocessing.go:439.55,441.3 1 0
github.com/gomlx/gomlx/examples/adult/preprocessing.go:442.2,442.59 1 0
github.com/gomlx/gomlx/examples/adult/preprocessing.go:442.59,444.28 2 0
github.com/gomlx/gomlx/examples/adult/preprocessing.go:444.28,446.4 1 0
github.com/gomlx/gomlx/examples/adult/preprocessing.go:446.9,446.36 1 0
github.com/gomlx/gomlx/examples/adult/preprocessing.go:446.36,447.68 1 0
github.com/gomlx/gomlx/examples/adult/preprocessing.go:449.3,449.27 1 0
github.com/gomlx/gomlx/examples/adult/preprocessing.go:451.2,451.10 1 0
github.com/gomlx/gomlx/examples/adult/preprocessing.go:454.58,456.2 1 0
github.com/gomlx/gomlx/examples/adult/preprocessing.go:458.57,460.2 1 0
github.com/gomlx/gomlx/examples/adult/preprocessing.go:462.52,465.2 2 0
github.com/gomlx/gomlx/examples/adult/preprocessing.go:467.55,470.2 2 0
github.com/gomlx/gomlx/examples/adult/preprocessing.go:473.67,483.38 2 0
github.com/gomlx/gomlx/examples/adult/preprocessing.go:483.38,489.3 5 0
github.com/gomlx/gomlx/examples/adult/preprocessing.go:490.2,490.16 1 0
github.com/gomlx/gomlx/examples/adult/preprocessing.go:499.71,506.2 1 0
github.com/gomlx/gomlx/examples/adult/preprocessing.go:509.44,512.57 3 0
github.com/gomlx/gomlx/examples/adult/preprocessing.go:512.57,515.33 3 0
github.com/gomlx/gomlx/examples/adult/preprocessing.go:515.33,517.4 1 0
github.com/gomlx/gomlx/examples/adult/preprocessing.go:520.2,521.54 2 0
github.com/gomlx/gomlx/examples/adult/preprocessing.go:521.54,525.3 3 0
github.com/gomlx/gomlx/examples/adult/preprocessing.go:529.31,531.48 2 0
github.com/gomlx/gomlx/examples/adult/preprocessing.go:531.48,535.3 3 0
github.com/gomlx/gomlx/examples/adult/preprocessing.go:536.2,538.40 2 0
github.com/gomlx/gomlx/examples/adult/preprocessing.go:538.40,540.3 1 0
github.com/gomlx/gomlx/examples/adult/preprocessing.go:541.2,542.60 2 0
github.com/gomlx/gomlx/examples/adult/preprocessing.go:542.60,544.3 1 0
github.com/gomlx/gomlx/examples/adult/preprocessing.go:546.2,547.40 2 0
github.com/gomlx/gomlx/examples/adult/preprocessing.go:547.40,549.3 1 0
github.com/gomlx/gomlx/examples/adult/preprocessing.go:550.2,551.60 2 0
github.com/gomlx/gomlx/examples/adult/preprocessing.go:551.60,553.3 1 0
github.com/gomlx/gomlx/backends/backends.go:57.53,58.38 1 1
github.com/gomlx/gomlx/backends/backends.go:58.38,60.3 1 1
github.com/gomlx/gomlx/backends/backends.go:61.2,61.44 1 1
github.com/gomlx/gomlx/backends/backends.go:85.20,87.11 2 0
github.com/gomlx/gomlx/backends/backends.go:87.11,89.3 1 0
github.com/gomlx/gomlx/backends/backends.go:90.2,90.25 1 0
github.com/gomlx/gomlx/backends/backends.go:90.25,92.3 1 0
github.com/gomlx/gomlx/backends/backends.go:93.2,93.26 1 0
github.com/gomlx/gomlx/backends/backends.go:101.43,102.38 1 0
github.com/gomlx/gomlx/backends/backends.go:102.38,104.3 1 0
github.com/gomlx/gomlx/backends/backends.go:105.2,107.50 3 0
github.com/gomlx/gomlx/backends/backends.go:107.50,110.3 2 0
github.com/gomlx/gomlx/backends/backends.go:111.2,112.12 2 0
github.com/gomlx/gomlx/backends/backends.go:112.12,114.3 1 0
github.com/gomlx/gomlx/backends/backends.go:115.2,115.35 1 0
github.com/gomlx/gomlx/backends/builder.go:16.23,17.38 1 0
github.com/gomlx/gomlx/backends/builder.go:118.56,125.2 6 0
github.com/gomlx/gomlx/backends/ffttype_string.go:21.34,22.50 1 0
github.com/gomlx/gomlx/backends/ffttype_string.go:22.50,24.3 1 0
github.com/gomlx/gomlx/backends/ffttype_string.go:25.2,25.61 1 0
github.com/gomlx/gomlx/backends/reduceoptype_string.go:22.39,23.60 1 0
github.com/gomlx/gomlx/backends/reduceoptype_string.go:23.60,25.3 1 0
github.com/gomlx/gomlx/backends/reduceoptype_string.go:26.2,26.76 1 0
github.com/gomlx/gomlx/backends/xla/backend.go:17.41,19.12 2 0
github.com/gomlx/gomlx/backends/xla/backend.go:33.39,34.20 1 1
github.com/gomlx/gomlx/backends/xla/backend.go:34.20,36.3 1 0
github.com/gomlx/gomlx/backends/xla/backend.go:37.2,37.27 1 1
github.com/gomlx/gomlx/backends/xla/backend.go:37.27,39.3 1 0
github.com/gomlx/gomlx/backends/xla/backend.go:43.39,45.2 1 0
github.com/gomlx/gomlx/backends/xla/backend.go:48.46,51.2 2 0
github.com/gomlx/gomlx/backends/xla/backend.go:54.57,57.2 2 0
github.com/gomlx/gomlx/backends/xla/backend.go:60.36,61.27 1 1
github.com/gomlx/gomlx/backends/xla/backend.go:61.27,63.3 1 1
github.com/gomlx/gomlx/backends/xla/backend.go:64.2,64.27 1 1
github.com/gomlx/gomlx/backends/xla/backend.go:64.27,66.17 2 1
github.com/gomlx/gomlx/backends/xla/backend.go:66.17,68.4 1 0
github.com/gomlx/gomlx/backends/xla/backend.go:69.3,69.23 1 1
github.com/gomlx/gomlx/backends/xla/backend.go:71.2,72.8 2 1
github.com/gomlx/gomlx/backends/xla/backend.go:76.54,78.9 2 1
github.com/gomlx/gomlx/backends/xla/backend.go:78.9,80.3 1 0
github.com/gomlx/gomlx/backends/xla/backend.go:81.2,81.11 1 1
github.com/gomlx/gomlx/backends/xla/backend.go:86.64,90.16 4 1
github.com/gomlx/gomlx/backends/xla/backend.go:90.16,91.77 1 0
github.com/gomlx/gomlx/backends/xla/backend.go:96.74,100.16 4 1
github.com/gomlx/gomlx/backends/xla/backend.go:100.16,101.61 1 0
github.com/gomlx/gomlx/backends/xla/backend.go:103.2,104.16 2 1
github.com/gomlx/gomlx/backends/xla/backend.go:104.16,105.61 1 0
github.com/gomlx/gomlx/backends/xla/backend.go:107.2,107.36 1 1
github.com/gomlx/gomlx/backends/xla/backend.go:111.84,115.16 4 0
github.com/gomlx/gomlx/backends/xla/backend.go:115.16,116.61 1 0
github.com/gomlx/gomlx/backends/xla/backend.go:118.2,119.15 2 0
github.com/gomlx/gomlx/backends/xla/backend.go:119.15,121.3 1 0
github.com/gomlx/gomlx/backends/xla/backend.go:122.2,122.32 1 0
github.com/gomlx/gomlx/backends/xla/backend.go:129.76,134.35 4 1
github.com/gomlx/gomlx/backends/xla/backend.go:134.35,136.3 1 0
github.com/gomlx/gomlx/backends/xla/backend.go:137.2,138.30 2 1
github.com/gomlx/gomlx/backends/xla/backend.go:138.30,140.3 1 0
github.com/gomlx/gomlx/backends/xla/backend.go:142.2,153.16 11 1
github.com/gomlx/gomlx/backends/xla/backend.go:153.16,154.80 1 0
github.com/gomlx/gomlx/backends/xla/backend.go:160.120,162.35 2 1
github.com/gomlx/gomlx/backends/xla/backend.go:162.35,164.3 1 0
github.com/gomlx/gomlx/backends/xla/backend.go:165.2,166.30 2 1
github.com/gomlx/gomlx/backends/xla/backend.go:166.30,168.3 1 0
github.com/gomlx/gomlx/backends/xla/backend.go:170.2,174.16 2 1
github.com/gomlx/gomlx/backends/xla/backend.go:174.16,175.82 1 0
github.com/gomlx/gomlx/backends/xla/backend.go:177.2,177.15 1 1
github.com/gomlx/gomlx/backends/xla/backend.go:182.49,184.2 1 0
github.com/gomlx/gomlx/backends/xla/backend.go:190.126,192.53 2 0
github.com/gomlx/gomlx/backends/xla/backend.go:192.53,194.3 1 0
github.com/gomlx/gomlx/backends/xla/backend.go:195.2,198.16 4 0
github.com/gomlx/gomlx/backends/xla/backend.go:198.16,199.13 1 0
github.com/gomlx/gomlx/backends/xla/backend.go:201.2,201.8 1 0
github.com/gomlx/gomlx/backends/xla/backend.go:208.71,212.16 4 0
github.com/gomlx/gomlx/backends/xla/backend.go:212.16,213.108 1 0
github.com/gomlx/gomlx/backends/xla/backend.go:215.2,215.8 1 0
github.com/gomlx/gomlx/backends/xla/builder.go:25.63,32.2 2 1
github.com/gomlx/gomlx/backends/xla/builder.go:35.33,37.2 1 0
github.com/gomlx/gomlx/backends/xla/builder.go:40.49,42.9 2 1
github.com/gomlx/gomlx/backends/xla/builder.go:42.9,44.3 1 0
github.com/gomlx/gomlx/backends/xla/builder.go:45.2,45.12 1 1
github.com/gomlx/gomlx/backends/xla/builder.go:50.33,52.2 1 0
github.com/gomlx/gomlx/backends/xla/builder.go:54.58,56.2 1 1
github.com/gomlx/gomlx/backends/xla/builder.go:58.57,60.2 1 1
github.com/gomlx/gomlx/backends/xla/builder.go:63.56,67.2 3 0
github.com/gomlx/gomlx/backends/xla/builder.go:71.74,73.16 2 1
github.com/gomlx/gomlx/backends/xla/builder.go:73.16,74.93 1 0
github.com/gomlx/gomlx/backends/xla/builder.go:76.2,78.11 3 1
github.com/gomlx/gomlx/backends/xla/builder.go:87.63,89.35 2 0
github.com/gomlx/gomlx/backends/xla/builder.go:89.35,91.3 1 0
github.com/gomlx/gomlx/backends/xla/builder.go:92.2,93.34 2 0
github.com/gomlx/gomlx/backends/xla/builder.go:93.34,95.3 1 0
github.com/gomlx/gomlx/backends/xla/builder.go:96.2,97.16 2 0
github.com/gomlx/gomlx/backends/xla/builder.go:97.16,98.120 1 0
github.com/gomlx/gomlx/backends/xla/builder.go:100.2,101.16 2 0
github.com/gomlx/gomlx/backends/xla/builder.go:101.16,102.120 1 0
github.com/gomlx/gomlx/backends/xla/builder.go:104.2,104.11 1 0
github.com/gomlx/gomlx/backends/xla/builder.go:107.84,109.9 2 1
github.com/gomlx/gomlx/backends/xla/builder.go:109.9,112.3 1 0
github.com/gomlx/gomlx/backends/xla/builder.go:113.2,113.34 1 1
github.com/gomlx/gomlx/backends/xla/builder.go:113.34,116.3 1 0
github.com/gomlx/gomlx/backends/xla/builder.go:117.2,117.14 1 1
github.com/gomlx/gomlx/backends/xla/builder.go:122.55,125.2 2 0
github.com/gomlx/gomlx/backends/xla/builder.go:127.180,134.23 3 0
github.com/gomlx/gomlx/backends/xla/builder.go:135.28,136.18 1 0
github.com/gomlx/gomlx/backends/xla/builder.go:137.28,138.18 1 0
github.com/gomlx/gomlx/backends/xla/builder.go:139.28,140.18 1 0
github.com/gomlx/gomlx/backends/xla/builder.go:141.32,142.22 1 0
github.com/gomlx/gomlx/backends/xla/builder.go:143.10,144.108 1 0
github.com/gomlx/gomlx/backends/xla/builder.go:146.2,147.16 2 0
github.com/gomlx/gomlx/backends/xla/builder.go:147.16,148.132 1 0
github.com/gomlx/gomlx/backends/xla/builder.go:150.2,150.11 1 0
github.com/gomlx/gomlx/backends/xla/builder.go:158.105,163.16 5 0
github.com/gomlx/gomlx/backends/xla/builder.go:163.16,164.119 1 0
github.com/gomlx/gomlx/backends/xla/builder.go:166.2,166.8 1 0
github.com/gomlx/gomlx/backends/xla/builder.go:176.154,182.16 6 0
github.com/gomlx/gomlx/backends/xla/builder.go:182.16,183.137 1 0
github.com/gomlx/gomlx/backends/xla/builder.go:185.2,185.8 1 0
github.com/gomlx/gomlx/backends/xla/builder.go:198.169,206.16 8 0
github.com/gomlx/gomlx/backends/xla/builder.go:206.16,207.134 1 0
github.com/gomlx/gomlx/backends/xla/builder.go:209.2,209.8 1 0
github.com/gomlx/gomlx/backends/xla/builder.go:212.105,225.2 2 0
github.com/gomlx/gomlx/backends/xla/builder.go:227.71,234.2 2 0
github.com/gomlx/gomlx/backends/xla/builder.go:236.64,237.17 1 0
github.com/gomlx/gomlx/backends/xla/builder.go:238.27,239.30 1 0
github.com/gomlx/gomlx/backends/xla/builder.go:240.27,241.31 1 0
github.com/gomlx/gomlx/backends/xla/builder.go:242.31,243.31 1 0
github.com/gomlx/gomlx/backends/xla/builder.go:244.31,245.32 1 0
github.com/gomlx/gomlx/backends/xla/builder.go:246.10,248.13 2 0
github.com/gomlx/gomlx/backends/xla/builder.go:253.55,256.16 3 0
github.com/gomlx/gomlx/backends/xla/builder.go:256.16,257.78 1 0
github.com/gomlx/gomlx/backends/xla/builder.go:259.2,259.18 1 0
github.com/gomlx/gomlx/backends/xla/executable.go:24.71,25.23 1 1
github.com/gomlx/gomlx/backends/xla/executable.go:25.23,27.3 1 0
github.com/gomlx/gomlx/backends/xla/executable.go:28.2,30.34 3 1
github.com/gomlx/gomlx/backends/xla/executable.go:30.34,33.3 2 1
github.com/gomlx/gomlx/backends/xla/executable.go:36.2,37.23 2 1
github.com/gomlx/gomlx/backends/xla/executable.go:37.23,40.17 3 1
github.com/gomlx/gomlx/backends/xla/executable.go:40.17,41.125 1 0
github.com/gomlx/gomlx/backends/xla/executable.go:44.2,45.16 2 1
github.com/gomlx/gomlx/backends/xla/executable.go:45.16,46.110 1 0
github.com/gomlx/gomlx/backends/xla/executable.go:48.2,49.30 2 1
github.com/gomlx/gomlx/backends/xla/executable.go:49.30,50.41 1 0
github.com/gomlx/gomlx/backends/xla/executable.go:50.41,52.4 1 0
github.com/gomlx/gomlx/backends/xla/executable.go:53.8,55.3 1 1
github.com/gomlx/gomlx/backends/xla/executable.go:56.2,56.16 1 1
github.com/gomlx/gomlx/backends/xla/executable.go:56.16,57.103 1 0
github.com/gomlx/gomlx/backends/xla/executable.go:59.2,66.3 1 1
github.com/gomlx/gomlx/backends/xla/executable.go:71.36,72.51 1 1
github.com/gomlx/gomlx/backends/xla/executable.go:72.51,74.3 1 0
github.com/gomlx/gomlx/backends/xla/executable.go:75.2,75.25 1 1
github.com/gomlx/gomlx/backends/xla/executable.go:79.33,80.51 1 0
github.com/gomlx/gomlx/backends/xla/executable.go:80.51,82.3 1 0
github.com/gomlx/gomlx/backends/xla/executable.go:83.2,84.16 2 0
github.com/gomlx/gomlx/backends/xla/executable.go:84.16,86.3 1 0
github.com/gomlx/gomlx/backends/xla/executable.go:87.2,91.22 5 0
github.com/gomlx/gomlx/backends/xla/executable.go:95.76,97.2 1 0
github.com/gomlx/gomlx/backends/xla/executable.go:100.62,102.2 1 0
github.com/gomlx/gomlx/backends/xla/executable.go:105.89,107.43 2 1
github.com/gomlx/gomlx/backends/xla/executable.go:107.43,109.3 1 0
github.com/gomlx/gomlx/backends/xla/executable.go:110.2,110.62 1 1
github.com/gomlx/gomlx/backends/xla/executable.go:110.62,112.3 1 0
github.com/gomlx/gomlx/backends/xla/executable.go:113.2,116.22 4 1
github.com/gomlx/gomlx/backends/xla/executable.go:116.22,118.3 1 0
github.com/gomlx/gomlx/backends/xla/executable.go:118.8,120.3 1 1
github.com/gomlx/gomlx/backends/xla/executable.go:121.2,121.16 1 1
github.com/gomlx/gomlx/backends/xla/executable.go:121.16,122.103 1 0
github.com/gomlx/gomlx/backends/xla/executable.go:124.2,124.68 1 1
github.com/gomlx/gomlx/backends/xla/executable.go:124.68,124.80 1 1
github.com/gomlx/gomlx/backends/xla/gen_standard_ops.go:15.50,18.16 3 0
github.com/gomlx/gomlx/backends/xla/gen_standard_ops.go:18.16,19.73 1 0
github.com/gomlx/gomlx/backends/xla/gen_standard_ops.go:21.2,21.19 1 0
github.com/gomlx/gomlx/backends/xla/gen_standard_ops.go:27.55,31.16 4 1
github.com/gomlx/gomlx/backends/xla/gen_standard_ops.go:31.16,32.73 1 0
github.com/gomlx/gomlx/backends/xla/gen_standard_ops.go:34.2,34.19 1 1
github.com/gomlx/gomlx/backends/xla/gen_standard_ops.go:45.104,48.16 3 0
github.com/gomlx/gomlx/backends/xla/gen_standard_ops.go:48.16,49.79 1 0
github.com/gomlx/gomlx/backends/xla/gen_standard_ops.go:51.2,51.19 1 0
github.com/gomlx/gomlx/backends/xla/gen_standard_ops.go:58.132,65.16 7 0
github.com/gomlx/gomlx/backends/xla/gen_standard_ops.go:65.16,66.91 1 0
github.com/gomlx/gomlx/backends/xla/gen_standard_ops.go:68.2,68.19 1 0
github.com/gomlx/gomlx/backends/xla/gen_standard_ops.go:73.62,77.16 4 0
github.com/gomlx/gomlx/backends/xla/gen_standard_ops.go:77.16,78.80 1 0
github.com/gomlx/gomlx/backends/xla/gen_standard_ops.go:80.2,80.19 1 0
github.com/gomlx/gomlx/backends/xla/gen_standard_ops.go:84.57,87.16 3 0
github.com/gomlx/gomlx/backends/xla/gen_standard_ops.go:87.16,88.80 1 0
github.com/gomlx/gomlx/backends/xla/gen_standard_ops.go:90.2,90.19 1 0
github.com/gomlx/gomlx/backends/xla/gen_standard_ops.go:95.61,99.16 4 0
github.com/gomlx/gomlx/backends/xla/gen_standard_ops.go:99.16,100.79 1 0
github.com/gomlx/gomlx/backends/xla/gen_standard_ops.go:102.2,102.19 1 0
github.com/gomlx/gomlx/backends/xla/gen_standard_ops.go:107.62,111.16 4 0
github.com/gomlx/gomlx/backends/xla/gen_standard_ops.go:111.16,112.80 1 0
github.com/gomlx/gomlx/backends/xla/gen_standard_ops.go:114.2,114.19 1 0
github.com/gomlx/gomlx/backends/xla/gen_standard_ops.go:126.75,129.16 3 0
github.com/gomlx/gomlx/backends/xla/gen_standard_ops.go:129.16,130.79 1 0
github.com/gomlx/gomlx/backends/xla/gen_standard_ops.go:132.2,132.19 1 0
github.com/gomlx/gomlx/backends/xla/gen_standard_ops.go:150.108,154.16 4 0
github.com/gomlx/gomlx/backends/xla/gen_standard_ops.go:154.16,155.84 1 0
github.com/gomlx/gomlx/backends/xla/gen_standard_ops.go:157.2,157.19 1 0
github.com/gomlx/gomlx/backends/xla/gen_standard_ops.go:161.51,164.16 3 0
github.com/gomlx/gomlx/backends/xla/gen_standard_ops.go:164.16,165.74 1 0
github.com/gomlx/gomlx/backends/xla/gen_standard_ops.go:167.2,167.19 1 0
github.com/gomlx/gomlx/backends/xla/gen_standard_ops.go:171.50,174.16 3 0
github.com/gomlx/gomlx/backends/xla/gen_standard_ops.go:174.16,175.73 1 0
github.com/gomlx/gomlx/backends/xla/gen_standard_ops.go:177.2,177.19 1 0
github.com/gomlx/gomlx/backends/xla/gen_standard_ops.go:187.59,191.16 4 0
github.com/gomlx/gomlx/backends/xla/gen_standard_ops.go:191.16,192.77 1 0
github.com/gomlx/gomlx/backends/xla/gen_standard_ops.go:194.2,194.19 1 0
github.com/gomlx/gomlx/backends/xla/gen_standard_ops.go:201.78,202.76 1 0
github.com/gomlx/gomlx/backends/xla/gen_standard_ops.go:202.76,202.120 1 0
github.com/gomlx/gomlx/backends/xla/gen_standard_ops.go:203.2,204.16 2 0
github.com/gomlx/gomlx/backends/xla/gen_standard_ops.go:204.16,205.81 1 0
github.com/gomlx/gomlx/backends/xla/gen_standard_ops.go:207.2,207.19 1 0
github.com/gomlx/gomlx/backends/xla/gen_standard_ops.go:211.51,214.16 3 0
github.com/gomlx/gomlx/backends/xla/gen_standard_ops.go:214.16,215.74 1 0
github.com/gomlx/gomlx/backends/xla/gen_standard_ops.go:217.2,217.19 1 0
github.com/gomlx/gomlx/backends/xla/gen_standard_ops.go:230.223,235.16 5 0
github.com/gomlx/gomlx/backends/xla/gen_standard_ops.go:235.16,236.88 1 0
github.com/gomlx/gomlx/backends/xla/gen_standard_ops.go:238.2,238.19 1 0
github.com/gomlx/gomlx/backends/xla/gen_standard_ops.go:242.79,245.16 3 0
github.com/gomlx/gomlx/backends/xla/gen_standard_ops.go:245.16,246.82 1 0
github.com/gomlx/gomlx/backends/xla/gen_standard_ops.go:248.2,248.19 1 0
github.com/gomlx/gomlx/backends/xla/gen_standard_ops.go:252.50,255.16 3 0
github.com/gomlx/gomlx/backends/xla/gen_standard_ops.go:255.16,256.73 1 0
github.com/gomlx/gomlx/backends/xla/gen_standard_ops.go:258.2,258.19 1 0
github.com/gomlx/gomlx/backends/xla/gen_standard_ops.go:264.55,268.16 4 0
github.com/gomlx/gomlx/backends/xla/gen_standard_ops.go:268.16,269.73 1 0
github.com/gomlx/gomlx/backends/xla/gen_standard_ops.go:271.2,271.19 1 0
github.com/gomlx/gomlx/backends/xla/gen_standard_ops.go:287.55,291.16 4 0
github.com/gomlx/gomlx/backends/xla/gen_standard_ops.go:291.16,292.73 1 0
github.com/gomlx/gomlx/backends/xla/gen_standard_ops.go:294.2,294.19 1 0
github.com/gomlx/gomlx/backends/xla/gen_standard_ops.go:309.156,313.16 4 0
github.com/gomlx/gomlx/backends/xla/gen_standard_ops.go:313.16,314.80 1 0
github.com/gomlx/gomlx/backends/xla/gen_standard_ops.go:316.2,316.19 1 0
github.com/gomlx/gomlx/backends/xla/gen_standard_ops.go:324.110,326.84 2 0
github.com/gomlx/gomlx/backends/xla/gen_standard_ops.go:326.84,326.132 1 0
github.com/gomlx/gomlx/backends/xla/gen_standard_ops.go:327.2,328.16 2 0
github.com/gomlx/gomlx/backends/xla/gen_standard_ops.go:328.16,329.82 1 0
github.com/gomlx/gomlx/backends/xla/gen_standard_ops.go:331.2,331.19 1 0
github.com/gomlx/gomlx/backends/xla/gen_standard_ops.go:339.107,342.84 3 0
github.com/gomlx/gomlx/backends/xla/gen_standard_ops.go:342.84,342.132 1 0
github.com/gomlx/gomlx/backends/xla/gen_standard_ops.go:343.2,344.16 2 0
github.com/gomlx/gomlx/backends/xla/gen_standard_ops.go:344.16,345.88 1 0
github.com/gomlx/gomlx/backends/xla/gen_standard_ops.go:347.2,347.19 1 0
github.com/gomlx/gomlx/backends/xla/gen_standard_ops.go:352.57,356.16 4 0
github.com/gomlx/gomlx/backends/xla/gen_standard_ops.go:356.16,357.75 1 0
github.com/gomlx/gomlx/backends/xla/gen_standard_ops.go:359.2,359.19 1 0
github.com/gomlx/gomlx/backends/xla/gen_standard_ops.go:366.67,370.16 4 0
github.com/gomlx/gomlx/backends/xla/gen_standard_ops.go:370.16,371.85 1 0
github.com/gomlx/gomlx/backends/xla/gen_standard_ops.go:373.2,373.19 1 0
github.com/gomlx/gomlx/backends/xla/gen_standard_ops.go:377.50,380.16 3 0
github.com/gomlx/gomlx/backends/xla/gen_standard_ops.go:380.16,381.73 1 0
github.com/gomlx/gomlx/backends/xla/gen_standard_ops.go:383.2,383.19 1 0
github.com/gomlx/gomlx/backends/xla/gen_standard_ops.go:387.50,390.16 3 0
github.com/gomlx/gomlx/backends/xla/gen_standard_ops.go:390.16,391.73 1 0
github.com/gomlx/gomlx/backends/xla/gen_standard_ops.go:393.2,393.19 1 0
github.com/gomlx/gomlx/backends/xla/gen_standard_ops.go:397.52,400.16 3 0
github.com/gomlx/gomlx/backends/xla/gen_standard_ops.go:400.16,401.75 1 0
github.com/gomlx/gomlx/backends/xla/gen_standard_ops.go:403.2,403.19 1 0
github.com/gomlx/gomlx/backends/xla/gen_standard_ops.go:409.99,413.16 4 0
github.com/gomlx/gomlx/backends/xla/gen_standard_ops.go:413.16,414.73 1 0
github.com/gomlx/gomlx/backends/xla/gen_standard_ops.go:416.2,416.19 1 0
github.com/gomlx/gomlx/backends/xla/gen_standard_ops.go:420.52,423.16 3 0
github.com/gomlx/gomlx/backends/xla/gen_standard_ops.go:423.16,424.75 1 0
github.com/gomlx/gomlx/backends/xla/gen_standard_ops.go:426.2,426.19 1 0
github.com/gomlx/gomlx/backends/xla/gen_standard_ops.go:457.182,461.16 4 0
github.com/gomlx/gomlx/backends/xla/gen_standard_ops.go:461.16,462.76 1 0
github.com/gomlx/gomlx/backends/xla/gen_standard_ops.go:464.2,464.19 1 0
github.com/gomlx/gomlx/backends/xla/gen_standard_ops.go:469.66,473.16 4 0
github.com/gomlx/gomlx/backends/xla/gen_standard_ops.go:473.16,474.84 1 0
github.com/gomlx/gomlx/backends/xla/gen_standard_ops.go:476.2,476.19 1 0
github.com/gomlx/gomlx/backends/xla/gen_standard_ops.go:483.76,487.16 4 0
github.com/gomlx/gomlx/backends/xla/gen_standard_ops.go:487.16,488.94 1 0
github.com/gomlx/gomlx/backends/xla/gen_standard_ops.go:490.2,490.19 1 0
github.com/gomlx/gomlx/backends/xla/gen_standard_ops.go:495.63,499.16 4 0
github.com/gomlx/gomlx/backends/xla/gen_standard_ops.go:499.16,500.81 1 0
github.com/gomlx/gomlx/backends/xla/gen_standard_ops.go:502.2,502.19 1 0
github.com/gomlx/gomlx/backends/xla/gen_standard_ops.go:509.73,513.16 4 0
github.com/gomlx/gomlx/backends/xla/gen_standard_ops.go:513.16,514.91 1 0
github.com/gomlx/gomlx/backends/xla/gen_standard_ops.go:516.2,516.19 1 0
github.com/gomlx/gomlx/backends/xla/gen_standard_ops.go:520.51,523.16 3 0
github.com/gomlx/gomlx/backends/xla/gen_standard_ops.go:523.16,524.74 1 0
github.com/gomlx/gomlx/backends/xla/gen_standard_ops.go:526.2,526.19 1 0
github.com/gomlx/gomlx/backends/xla/gen_standard_ops.go:532.70,535.16 3 0
github.com/gomlx/gomlx/backends/xla/gen_standard_ops.go:535.16,536.74 1 0
github.com/gomlx/gomlx/backends/xla/gen_standard_ops.go:538.2,538.19 1 0
github.com/gomlx/gomlx/backends/xla/gen_standard_ops.go:544.55,547.16 3 0
github.com/gomlx/gomlx/backends/xla/gen_standard_ops.go:547.16,548.78 1 0
github.com/gomlx/gomlx/backends/xla/gen_standard_ops.go:550.2,550.19 1 0
github.com/gomlx/gomlx/backends/xla/gen_standard_ops.go:555.63,559.16 4 0
github.com/gomlx/gomlx/backends/xla/gen_standard_ops.go:559.16,560.81 1 0
github.com/gomlx/gomlx/backends/xla/gen_standard_ops.go:562.2,562.19 1 0
github.com/gomlx/gomlx/backends/xla/gen_standard_ops.go:569.73,573.16 4 0
github.com/gomlx/gomlx/backends/xla/gen_standard_ops.go:573.16,574.91 1 0
github.com/gomlx/gomlx/backends/xla/gen_standard_ops.go:576.2,576.19 1 0
github.com/gomlx/gomlx/backends/xla/gen_standard_ops.go:581.60,585.16 4 0
github.com/gomlx/gomlx/backends/xla/gen_standard_ops.go:585.16,586.78 1 0
github.com/gomlx/gomlx/backends/xla/gen_standard_ops.go:588.2,588.19 1 0
github.com/gomlx/gomlx/backends/xla/gen_standard_ops.go:595.70,599.16 4 0
github.com/gomlx/gomlx/backends/xla/gen_standard_ops.go:599.16,600.88 1 0
github.com/gomlx/gomlx/backends/xla/gen_standard_ops.go:602.2,602.19 1 0
github.com/gomlx/gomlx/backends/xla/gen_standard_ops.go:606.50,609.16 3 0
github.com/gomlx/gomlx/backends/xla/gen_standard_ops.go:609.16,610.73 1 0
github.com/gomlx/gomlx/backends/xla/gen_standard_ops.go:612.2,612.19 1 0
github.com/gomlx/gomlx/backends/xla/gen_standard_ops.go:616.52,619.16 3 0
github.com/gomlx/gomlx/backends/xla/gen_standard_ops.go:619.16,620.75 1 0
github.com/gomlx/gomlx/backends/xla/gen_standard_ops.go:622.2,622.19 1 0
github.com/gomlx/gomlx/backends/xla/gen_standard_ops.go:627.62,631.16 4 0
github.com/gomlx/gomlx/backends/xla/gen_standard_ops.go:631.16,632.80 1 0
github.com/gomlx/gomlx/backends/xla/gen_standard_ops.go:634.2,634.19 1 0
github.com/gomlx/gomlx/backends/xla/gen_standard_ops.go:638.57,641.16 3 0
github.com/gomlx/gomlx/backends/xla/gen_standard_ops.go:641.16,642.80 1 0
github.com/gomlx/gomlx/backends/xla/gen_standard_ops.go:644.2,644.19 1 0
github.com/gomlx/gomlx/backends/xla/gen_standard_ops.go:649.61,653.16 4 0
github.com/gomlx/gomlx/backends/xla/gen_standard_ops.go:653.16,654.79 1 0
github.com/gomlx/gomlx/backends/xla/gen_standard_ops.go:656.2,656.19 1 0
github.com/gomlx/gomlx/backends/xla/gen_standard_ops.go:661.62,665.16 4 0
github.com/gomlx/gomlx/backends/xla/gen_standard_ops.go:665.16,666.80 1 0
github.com/gomlx/gomlx/backends/xla/gen_standard_ops.go:668.2,668.19 1 0
github.com/gomlx/gomlx/backends/xla/gen_standard_ops.go:672.55,675.16 3 0
github.com/gomlx/gomlx/backends/xla/gen_standard_ops.go:675.16,676.78 1 0
github.com/gomlx/gomlx/backends/xla/gen_standard_ops.go:678.2,678.19 1 0
github.com/gomlx/gomlx/backends/xla/gen_standard_ops.go:683.55,687.16 4 0
github.com/gomlx/gomlx/backends/xla/gen_standard_ops.go:687.16,688.73 1 0
github.com/gomlx/gomlx/backends/xla/gen_standard_ops.go:690.2,690.19 1 0
github.com/gomlx/gomlx/backends/xla/gen_standard_ops.go:695.55,699.16 4 0
github.com/gomlx/gomlx/backends/xla/gen_standard_ops.go:699.16,700.73 1 0
github.com/gomlx/gomlx/backends/xla/gen_standard_ops.go:702.2,702.19 1 0
github.com/gomlx/gomlx/backends/xla/gen_standard_ops.go:708.55,712.16 4 1
github.com/gomlx/gomlx/backends/xla/gen_standard_ops.go:712.16,713.73 1 0
github.com/gomlx/gomlx/backends/xla/gen_standard_ops.go:715.2,715.19 1 1
github.com/gomlx/gomlx/backends/xla/gen_standard_ops.go:719.50,722.16 3 0
github.com/gomlx/gomlx/backends/xla/gen_standard_ops.go:722.16,723.73 1 0
github.com/gomlx/gomlx/backends/xla/gen_standard_ops.go:725.2,725.19 1 0
github.com/gomlx/gomlx/backends/xla/gen_standard_ops.go:730.60,734.16 4 0
github.com/gomlx/gomlx/backends/xla/gen_standard_ops.go:734.16,735.78 1 0
github.com/gomlx/gomlx/backends/xla/gen_standard_ops.go:737.2,737.19 1 0
github.com/gomlx/gomlx/backends/xla/gen_standard_ops.go:744.70,748.16 4 0
github.com/gomlx/gomlx/backends/xla/gen_standard_ops.go:748.16,749.88 1 0
github.com/gomlx/gomlx/backends/xla/gen_standard_ops.go:751.2,751.19 1 0
github.com/gomlx/gomlx/backends/xla/gen_standard_ops.go:757.93,761.33 4 0
github.com/gomlx/gomlx/backends/xla/gen_standard_ops.go:761.33,763.3 1 0
github.com/gomlx/gomlx/backends/xla/gen_standard_ops.go:764.2,765.16 2 0
github.com/gomlx/gomlx/backends/xla/gen_standard_ops.go:765.16,766.73 1 0
github.com/gomlx/gomlx/backends/xla/gen_standard_ops.go:768.2,768.19 1 0
github.com/gomlx/gomlx/backends/xla/gen_standard_ops.go:773.55,777.16 4 0
github.com/gomlx/gomlx/backends/xla/gen_standard_ops.go:777.16,778.73 1 0
github.com/gomlx/gomlx/backends/xla/gen_standard_ops.go:780.2,780.19 1 0
github.com/gomlx/gomlx/backends/xla/gen_standard_ops.go:784.51,787.16 3 0
github.com/gomlx/gomlx/backends/xla/gen_standard_ops.go:787.16,788.74 1 0
github.com/gomlx/gomlx/backends/xla/gen_standard_ops.go:790.2,790.19 1 0
github.com/gomlx/gomlx/backends/xla/gen_standard_ops.go:795.76,798.16 3 0
github.com/gomlx/gomlx/backends/xla/gen_standard_ops.go:798.16,799.86 1 0
github.com/gomlx/gomlx/backends/xla/gen_standard_ops.go:801.2,801.19 1 0
github.com/gomlx/gomlx/backends/xla/gen_standard_ops.go:806.75,809.16 3 0
github.com/gomlx/gomlx/backends/xla/gen_standard_ops.go:809.16,810.85 1 0
github.com/gomlx/gomlx/backends/xla/gen_standard_ops.go:812.2,812.19 1 0
github.com/gomlx/gomlx/backends/xla/gen_standard_ops.go:817.76,820.16 3 0
github.com/gomlx/gomlx/backends/xla/gen_standard_ops.go:820.16,821.86 1 0
github.com/gomlx/gomlx/backends/xla/gen_standard_ops.go:823.2,823.19 1 0
github.com/gomlx/gomlx/backends/xla/gen_standard_ops.go:828.76,831.16 3 0
github.com/gomlx/gomlx/backends/xla/gen_standard_ops.go:831.16,832.86 1 0
github.com/gomlx/gomlx/backends/xla/gen_standard_ops.go:834.2,834.19 1 0
github.com/gomlx/gomlx/backends/xla/gen_standard_ops.go:839.75,842.16 3 0
github.com/gomlx/gomlx/backends/xla/gen_standard_ops.go:842.16,843.85 1 0
github.com/gomlx/gomlx/backends/xla/gen_standard_ops.go:845.2,845.19 1 0
github.com/gomlx/gomlx/backends/xla/gen_standard_ops.go:850.76,853.16 3 0
github.com/gomlx/gomlx/backends/xla/gen_standard_ops.go:853.16,854.86 1 0
github.com/gomlx/gomlx/backends/xla/gen_standard_ops.go:856.2,856.19 1 0
github.com/gomlx/gomlx/backends/xla/gen_standard_ops.go:861.69,864.16 3 0
github.com/gomlx/gomlx/backends/xla/gen_standard_ops.go:864.16,865.79 1 0
github.com/gomlx/gomlx/backends/xla/gen_standard_ops.go:867.2,867.19 1 0
github.com/gomlx/gomlx/backends/xla/gen_standard_ops.go:872.69,875.16 3 0
github.com/gomlx/gomlx/backends/xla/gen_standard_ops.go:875.16,876.79 1 0
github.com/gomlx/gomlx/backends/xla/gen_standard_ops.go:878.2,878.19 1 0
github.com/gomlx/gomlx/backends/xla/gen_standard_ops.go:883.73,886.16 3 0
github.com/gomlx/gomlx/backends/xla/gen_standard_ops.go:886.16,887.83 1 0
github.com/gomlx/gomlx/backends/xla/gen_standard_ops.go:889.2,889.19 1 0
github.com/gomlx/gomlx/backends/xla/gen_standard_ops.go:894.69,897.16 3 0
github.com/gomlx/gomlx/backends/xla/gen_standard_ops.go:897.16,898.79 1 0
github.com/gomlx/gomlx/backends/xla/gen_standard_ops.go:900.2,900.19 1 0
github.com/gomlx/gomlx/backends/xla/gen_standard_ops.go:906.55,910.16 4 0
github.com/gomlx/gomlx/backends/xla/gen_standard_ops.go:910.16,911.73 1 0
github.com/gomlx/gomlx/backends/xla/gen_standard_ops.go:913.2,913.19 1 0
github.com/gomlx/gomlx/backends/xla/gen_standard_ops.go:919.73,922.16 3 0
github.com/gomlx/gomlx/backends/xla/gen_standard_ops.go:922.16,923.77 1 0
github.com/gomlx/gomlx/backends/xla/gen_standard_ops.go:925.2,925.19 1 0
github.com/gomlx/gomlx/backends/xla/gen_standard_ops.go:931.67,934.16 3 0
github.com/gomlx/gomlx/backends/xla/gen_standard_ops.go:934.16,935.77 1 0
github.com/gomlx/gomlx/backends/xla/gen_standard_ops.go:937.2,937.19 1 0
github.com/gomlx/gomlx/backends/xla/gen_standard_ops.go:941.52,944.16 3 0
github.com/gomlx/gomlx/backends/xla/gen_standard_ops.go:944.16,945.75 1 0
github.com/gomlx/gomlx/backends/xla/gen_standard_ops.go:947.2,947.19 1 0
github.com/gomlx/gomlx/backends/xla/gen_standard_ops.go:951.52,954.16 3 0
github.com/gomlx/gomlx/backends/xla/gen_standard_ops.go:954.16,955.75 1 0
github.com/gomlx/gomlx/backends/xla/gen_standard_ops.go:957.2,957.19 1 0
github.com/gomlx/gomlx/backends/xla/gen_standard_ops.go:961.217,966.16 5 0
github.com/gomlx/gomlx/backends/xla/gen_standard_ops.go:966.16,967.80 1 0
github.com/gomlx/gomlx/backends/xla/gen_standard_ops.go:969.2,969.19 1 0
github.com/gomlx/gomlx/backends/xla/gen_standard_ops.go:973.217,978.16 5 0
github.com/gomlx/gomlx/backends/xla/gen_standard_ops.go:978.16,979.80 1 0
github.com/gomlx/gomlx/backends/xla/gen_standard_ops.go:981.2,981.19 1 0
github.com/gomlx/gomlx/backends/xla/gen_standard_ops.go:985.217,990.16 5 0
github.com/gomlx/gomlx/backends/xla/gen_standard_ops.go:990.16,991.80 1 0
github.com/gomlx/gomlx/backends/xla/gen_standard_ops.go:993.2,993.19 1 0
github.com/gomlx/gomlx/backends/xla/gen_standard_ops.go:999.138,1003.16 4 0
github.com/gomlx/gomlx/backends/xla/gen_standard_ops.go:1003.16,1004.89 1 0
github.com/gomlx/gomlx/backends/xla/gen_standard_ops.go:1006.2,1006.19 1 0
github.com/gomlx/gomlx/backends/xla/gen_standard_ops.go:1012.138,1016.16 4 0
github.com/gomlx/gomlx/backends/xla/gen_standard_ops.go:1016.16,1017.89 1 0
[...]
github.com/gomlx/gomlx/ml/layers/kan/softnessscheduletype_enumer.go:115.61,117.2 1 0
github.com/gomlx/gomlx/ml/layers/kan/softnessscheduletype_enumer.go:120.65,124.2 3 0
github.com/gomlx/gomlx/ml/layers/kan/softnessscheduletype_enumer.go:127.66,129.2 1 0
github.com/gomlx/gomlx/ml/layers/kan/softnessscheduletype_enumer.go:132.87,134.38 2 0
github.com/gomlx/gomlx/ml/layers/kan/softnessscheduletype_enumer.go:134.38,136.3 1 0
github.com/gomlx/gomlx/ml/layers/kan/softnessscheduletype_enumer.go:138.2,140.12 3 0
github.com/gomlx/gomlx/ml/train/batchnorm.go:25.64,26.23 1 0
github.com/gomlx/gomlx/ml/train/batchnorm.go:26.23,32.7 5 0
github.com/gomlx/gomlx/ml/train/batchnorm.go:32.7,34.21 2 0
github.com/gomlx/gomlx/ml/train/batchnorm.go:34.21,35.10 1 0
github.com/gomlx/gomlx/ml/train/batchnorm.go:37.4,37.18 1 0
github.com/gomlx/gomlx/ml/train/batchnorm.go:37.18,38.115 1 0
github.com/gomlx/gomlx/ml/train/batchnorm.go:40.4,44.33 3 0
github.com/gomlx/gomlx/ml/train/batchnorm.go:44.33,46.5 1 0
github.com/gomlx/gomlx/ml/train/batchnorm.go:47.4,47.33 1 0
github.com/gomlx/gomlx/ml/train/batchnorm.go:47.33,49.5 1 0
github.com/gomlx/gomlx/ml/train/batchnorm.go:51.3,51.17 1 0
github.com/gomlx/gomlx/ml/train/batchnorm.go:51.17,53.4 1 0
github.com/gomlx/gomlx/ml/train/batchnorm.go:59.96,61.35 2 0
github.com/gomlx/gomlx/ml/train/batchnorm.go:61.35,63.3 1 0
github.com/gomlx/gomlx/ml/train/batchnorm.go:64.2,64.8 1 0
github.com/gomlx/gomlx/ml/train/batchnorm.go:70.150,71.100 1 0
github.com/gomlx/gomlx/ml/train/batchnorm.go:71.100,78.22 6 0
github.com/gomlx/gomlx/ml/train/batchnorm.go:78.22,80.32 2 0
github.com/gomlx/gomlx/ml/train/batchnorm.go:80.32,82.5 1 0
github.com/gomlx/gomlx/ml/train/batchnorm.go:83.4,84.35 2 0
github.com/gomlx/gomlx/ml/train/batchnorm.go:86.3,86.9 1 0
github.com/gomlx/gomlx/ml/train/loop.go:99.38,108.2 1 1
github.com/gomlx/gomlx/ml/train/loop.go:122.66,127.2 2 1
github.com/gomlx/gomlx/ml/train/loop.go:132.49,133.61 1 1
github.com/gomlx/gomlx/ml/train/loop.go:133.61,134.17 1 1
github.com/gomlx/gomlx/ml/train/loop.go:134.17,137.4 1 0
github.com/gomlx/gomlx/ml/train/loop.go:138.3,139.17 2 1
github.com/gomlx/gomlx/ml/train/loop.go:139.17,141.4 1 0
github.com/gomlx/gomlx/ml/train/loop.go:143.2,143.8 1 1
github.com/gomlx/gomlx/ml/train/loop.go:148.107,150.15 2 1
github.com/gomlx/gomlx/ml/train/loop.go:150.15,153.3 2 1
github.com/gomlx/gomlx/ml/train/loop.go:155.2,155.31 1 1
github.com/gomlx/gomlx/ml/train/loop.go:155.31,155.89 1 1
github.com/gomlx/gomlx/ml/train/loop.go:156.2,156.16 1 1
github.com/gomlx/gomlx/ml/train/loop.go:156.16,158.3 1 0
github.com/gomlx/gomlx/ml/train/loop.go:161.2,161.38 1 1
github.com/gomlx/gomlx/ml/train/loop.go:161.38,162.32 1 1
github.com/gomlx/gomlx/ml/train/loop.go:162.32,164.4 1 1
github.com/gomlx/gomlx/ml/train/loop.go:165.3,165.32 1 1
github.com/gomlx/gomlx/ml/train/loop.go:165.32,167.4 1 0
github.com/gomlx/gomlx/ml/train/loop.go:172.2,172.28 1 1
github.com/gomlx/gomlx/ml/train/loop.go:172.28,175.3 2 1
github.com/gomlx/gomlx/ml/train/loop.go:178.2,178.59 1 1
github.com/gomlx/gomlx/ml/train/loop.go:178.59,179.17 1 1
github.com/gomlx/gomlx/ml/train/loop.go:179.17,182.4 1 0
github.com/gomlx/gomlx/ml/train/loop.go:183.3,184.17 2 1
github.com/gomlx/gomlx/ml/train/loop.go:184.17,186.4 1 0
github.com/gomlx/gomlx/ml/train/loop.go:188.2,188.16 1 1
github.com/gomlx/gomlx/ml/train/loop.go:188.16,190.3 1 0
github.com/gomlx/gomlx/ml/train/loop.go:192.2,193.27 2 1
github.com/gomlx/gomlx/ml/train/loop.go:193.27,196.3 2 0
github.com/gomlx/gomlx/ml/train/loop.go:197.2,197.30 1 1
github.com/gomlx/gomlx/ml/train/loop.go:197.30,200.3 2 0
github.com/gomlx/gomlx/ml/train/loop.go:201.2,201.8 1 1
github.com/gomlx/gomlx/ml/train/loop.go:205.45,209.2 3 1
github.com/gomlx/gomlx/ml/train/loop.go:213.62,214.57 1 1
github.com/gomlx/gomlx/ml/train/loop.go:214.57,215.17 1 1
github.com/gomlx/gomlx/ml/train/loop.go:215.17,218.4 1 0
github.com/gomlx/gomlx/ml/train/loop.go:219.3,220.17 2 1
github.com/gomlx/gomlx/ml/train/loop.go:220.17,222.4 1 0
github.com/gomlx/gomlx/ml/train/loop.go:224.2,224.8 1 1
github.com/gomlx/gomlx/ml/train/loop.go:228.46,230.9 2 1
github.com/gomlx/gomlx/ml/train/loop.go:230.9,233.3 1 1
github.com/gomlx/gomlx/ml/train/loop.go:234.2,234.45 1 0
github.com/gomlx/gomlx/ml/train/loop.go:237.57,239.60 1 1
github.com/gomlx/gomlx/ml/train/loop.go:239.60,240.27 1 1
github.com/gomlx/gomlx/ml/train/loop.go:240.27,241.40 1 1
github.com/gomlx/gomlx/ml/train/loop.go:241.40,248.5 1 0
github.com/gomlx/gomlx/ml/train/loop.go:251.2,251.12 1 1
github.com/gomlx/gomlx/ml/train/loop.go:259.90,260.16 1 1
github.com/gomlx/gomlx/ml/train/loop.go:260.16,262.3 1 0
github.com/gomlx/gomlx/ml/train/loop.go:263.2,263.56 1 1
github.com/gomlx/gomlx/ml/train/loop.go:263.56,265.3 1 0
github.com/gomlx/gomlx/ml/train/loop.go:266.2,270.16 5 1
github.com/gomlx/gomlx/ml/train/loop.go:270.16,272.3 1 0
github.com/gomlx/gomlx/ml/train/loop.go:273.2,274.84 2 1
github.com/gomlx/gomlx/ml/train/loop.go:274.84,276.17 2 1
github.com/gomlx/gomlx/ml/train/loop.go:276.17,277.21 1 0
github.com/gomlx/gomlx/ml/train/loop.go:277.21,282.5 1 0
github.com/gomlx/gomlx/ml/train/loop.go:283.4,283.97 1 0
github.com/gomlx/gomlx/ml/train/loop.go:287.3,288.17 2 1
github.com/gomlx/gomlx/ml/train/loop.go:288.17,290.4 1 0
github.com/gomlx/gomlx/ml/train/loop.go:293.3,293.34 1 1
github.com/gomlx/gomlx/ml/train/loop.go:293.34,295.4 1 1
github.com/gomlx/gomlx/ml/train/loop.go:296.3,297.17 2 1
github.com/gomlx/gomlx/ml/train/loop.go:297.17,299.4 1 0
github.com/gomlx/gomlx/ml/train/loop.go:301.2,301.33 1 1
github.com/gomlx/gomlx/ml/train/loop.go:301.33,305.3 2 1
github.com/gomlx/gomlx/ml/train/loop.go:306.2,307.16 2 1
github.com/gomlx/gomlx/ml/train/loop.go:307.16,309.3 1 0
github.com/gomlx/gomlx/ml/train/loop.go:310.2,310.8 1 1
github.com/gomlx/gomlx/ml/train/loop.go:322.92,323.56 1 0
github.com/gomlx/gomlx/ml/train/loop.go:323.56,325.3 1 0
github.com/gomlx/gomlx/ml/train/loop.go:326.2,332.16 6 0
github.com/gomlx/gomlx/ml/train/loop.go:332.16,334.3 1 0
github.com/gomlx/gomlx/ml/train/loop.go:336.2,337.56 2 0
github.com/gomlx/gomlx/ml/train/loop.go:337.56,340.7 2 0
github.com/gomlx/gomlx/ml/train/loop.go:340.7,342.18 2 0
github.com/gomlx/gomlx/ml/train/loop.go:342.18,343.22 1 0
github.com/gomlx/gomlx/ml/train/loop.go:343.22,346.11 2 0
github.com/gomlx/gomlx/ml/train/loop.go:348.5,348.124 1 0
github.com/gomlx/gomlx/ml/train/loop.go:352.4,353.18 2 0
github.com/gomlx/gomlx/ml/train/loop.go:353.18,355.5 1 0
github.com/gomlx/gomlx/ml/train/loop.go:357.4,360.35 2 0
github.com/gomlx/gomlx/ml/train/loop.go:360.35,362.5 1 0
github.com/gomlx/gomlx/ml/train/loop.go:363.4,364.18 2 0
github.com/gomlx/gomlx/ml/train/loop.go:364.18,366.5 1 0
github.com/gomlx/gomlx/ml/train/loop.go:367.4,367.19 1 0
github.com/gomlx/gomlx/ml/train/loop.go:369.3,369.13 1 0
github.com/gomlx/gomlx/ml/train/loop.go:371.2,372.16 2 0
github.com/gomlx/gomlx/ml/train/loop.go:372.16,374.3 1 0
github.com/gomlx/gomlx/ml/train/loop.go:375.2,375.8 1 0
github.com/gomlx/gomlx/ml/train/loop.go:382.59,383.39 1 0
github.com/gomlx/gomlx/ml/train/loop.go:383.39,386.3 1 0
github.com/gomlx/gomlx/ml/train/loop.go:388.2,390.28 3 0
github.com/gomlx/gomlx/ml/train/loop.go:394.73,399.2 1 1
github.com/gomlx/gomlx/ml/train/loop.go:403.71,408.2 1 1
github.com/gomlx/gomlx/ml/train/loop.go:412.69,417.2 1 1
github.com/gomlx/gomlx/ml/train/loop.go:430.50,434.2 1 1
github.com/gomlx/gomlx/ml/train/loop.go:437.59,441.2 3 1
github.com/gomlx/gomlx/ml/train/loop.go:444.55,446.27 2 1
github.com/gomlx/gomlx/ml/train/loop.go:446.27,448.3 1 1
github.com/gomlx/gomlx/ml/train/loop.go:449.2,449.39 1 1
github.com/gomlx/gomlx/ml/train/loop.go:449.39,451.3 1 0
github.com/gomlx/gomlx/ml/train/loop.go:452.2,452.27 1 1
github.com/gomlx/gomlx/ml/train/loop.go:452.27,453.37 1 1
github.com/gomlx/gomlx/ml/train/loop.go:453.37,455.4 1 1
github.com/gomlx/gomlx/ml/train/loop_callbacks.go:15.71,17.22 2 1
github.com/gomlx/gomlx/ml/train/loop_callbacks.go:17.22,19.36 1 0
github.com/gomlx/gomlx/ml/train/loop_callbacks.go:19.36,21.4 1 0
github.com/gomlx/gomlx/ml/train/loop_callbacks.go:22.8,22.43 1 1
github.com/gomlx/gomlx/ml/train/loop_callbacks.go:22.43,25.78 3 1
github.com/gomlx/gomlx/ml/train/loop_callbacks.go:25.78,27.4 1 1
github.com/gomlx/gomlx/ml/train/loop_callbacks.go:31.2,32.29 2 1
github.com/gomlx/gomlx/ml/train/loop_callbacks.go:35.70,37.2 1 1
github.com/gomlx/gomlx/ml/train/loop_callbacks.go:46.87,54.2 4 1
github.com/gomlx/gomlx/ml/train/loop_callbacks.go:61.76,63.24 2 0
github.com/gomlx/gomlx/ml/train/loop_callbacks.go:63.24,65.3 1 0
github.com/gomlx/gomlx/ml/train/loop_callbacks.go:66.2,66.29 1 0
github.com/gomlx/gomlx/ml/train/loop_callbacks.go:72.82,76.2 3 0
github.com/gomlx/gomlx/ml/train/loop_callbacks.go:85.80,86.16 1 1
github.com/gomlx/gomlx/ml/train/loop_callbacks.go:86.16,91.3 3 1
github.com/gomlx/gomlx/ml/train/loop_callbacks.go:92.2,93.24 2 1
github.com/gomlx/gomlx/ml/train/loop_callbacks.go:93.24,95.3 1 1
github.com/gomlx/gomlx/ml/train/loop_callbacks.go:97.2,99.12 3 1
github.com/gomlx/gomlx/ml/train/loop_callbacks.go:108.118,116.15 4 1
github.com/gomlx/gomlx/ml/train/loop_callbacks.go:116.15,117.84 1 0
github.com/gomlx/gomlx/ml/train/loop_callbacks.go:117.84,117.114 1 0
github.com/gomlx/gomlx/ml/train/loop_callbacks.go:130.47,138.15 4 0
github.com/gomlx/gomlx/ml/train/loop_callbacks.go:138.15,139.84 1 0
github.com/gomlx/gomlx/ml/train/loop_callbacks.go:139.84,139.114 1 0
github.com/gomlx/gomlx/ml/train/loop_callbacks.go:150.38,153.2 2 0
github.com/gomlx/gomlx/ml/train/loop_callbacks.go:155.67,157.38 2 0
github.com/gomlx/gomlx/ml/train/loop_callbacks.go:157.38,159.3 1 0
github.com/gomlx/gomlx/ml/train/loop_callbacks.go:162.83,163.27 1 0
github.com/gomlx/gomlx/ml/train/loop_callbacks.go:163.27,165.3 1 0
github.com/gomlx/gomlx/ml/train/loop_callbacks.go:166.2,166.38 1 0
github.com/gomlx/gomlx/ml/train/loop_callbacks.go:166.38,168.3 1 0
github.com/gomlx/gomlx/ml/train/loop_callbacks.go:170.2,171.28 2 0
github.com/gomlx/gomlx/ml/train/trainer.go:152.58,176.89 6 1
github.com/gomlx/gomlx/ml/train/trainer.go:176.89,180.18 3 1
github.com/gomlx/gomlx/ml/train/trainer.go:180.18,183.4 1 0
github.com/gomlx/gomlx/ml/train/trainer.go:184.3,184.14 1 1
github.com/gomlx/gomlx/ml/train/trainer.go:186.2,188.21 3 1
github.com/gomlx/gomlx/ml/train/trainer.go:188.21,190.3 1 1
github.com/gomlx/gomlx/ml/train/trainer.go:192.2,199.21 6 1
github.com/gomlx/gomlx/ml/train/trainer.go:199.21,201.3 1 1
github.com/gomlx/gomlx/ml/train/trainer.go:202.2,204.10 3 1
github.com/gomlx/gomlx/ml/train/trainer.go:208.63,209.42 1 0
github.com/gomlx/gomlx/ml/train/trainer.go:209.42,211.3 1 0
github.com/gomlx/gomlx/ml/train/trainer.go:212.2,212.41 1 0
github.com/gomlx/gomlx/ml/train/trainer.go:212.41,214.3 1 0
github.com/gomlx/gomlx/ml/train/trainer.go:215.2,215.46 1 0
github.com/gomlx/gomlx/ml/train/trainer.go:215.46,217.3 1 0
github.com/gomlx/gomlx/ml/train/trainer.go:224.67,226.44 2 0
github.com/gomlx/gomlx/ml/train/trainer.go:226.44,228.3 1 0
github.com/gomlx/gomlx/ml/train/trainer.go:229.2,229.10 1 0
github.com/gomlx/gomlx/ml/train/trainer.go:233.46,235.2 1 1
github.com/gomlx/gomlx/ml/train/trainer.go:243.61,245.44 2 0
github.com/gomlx/gomlx/ml/train/trainer.go:245.44,247.3 1 0
github.com/gomlx/gomlx/ml/train/trainer.go:248.2,248.10 1 0
github.com/gomlx/gomlx/ml/train/trainer.go:253.54,253.79 1 1
github.com/gomlx/gomlx/ml/train/trainer.go:257.53,257.77 1 0
github.com/gomlx/gomlx/ml/train/trainer.go:262.116,264.31 2 1
github.com/gomlx/gomlx/ml/train/trainer.go:264.31,270.3 1 0
github.com/gomlx/gomlx/ml/train/trainer.go:271.2,271.18 1 1
github.com/gomlx/gomlx/ml/train/trainer.go:271.18,273.3 1 0
github.com/gomlx/gomlx/ml/train/trainer.go:274.2,276.44 3 1
github.com/gomlx/gomlx/ml/train/trainer.go:276.44,278.3 1 0
github.com/gomlx/gomlx/ml/train/trainer.go:279.2,280.85 1 1
github.com/gomlx/gomlx/ml/train/trainer.go:280.85,284.4 3 1
github.com/gomlx/gomlx/ml/train/trainer.go:289.103,291.30 2 1
github.com/gomlx/gomlx/ml/train/trainer.go:291.30,293.3 1 0
github.com/gomlx/gomlx/ml/train/trainer.go:294.2,294.13 1 1
github.com/gomlx/gomlx/ml/train/trainer.go:301.120,307.21 4 1
github.com/gomlx/gomlx/ml/train/trainer.go:307.21,309.3 1 1
github.com/gomlx/gomlx/ml/train/trainer.go:312.2,313.17 2 1
github.com/gomlx/gomlx/ml/train/trainer.go:313.17,315.13 2 0
github.com/gomlx/gomlx/ml/train/trainer.go:319.2,322.72 2 1
github.com/gomlx/gomlx/ml/train/trainer.go:322.72,323.49 1 1
github.com/gomlx/gomlx/ml/train/trainer.go:323.49,325.4 1 1
github.com/gomlx/gomlx/ml/train/trainer.go:326.3,326.43 1 1
github.com/gomlx/gomlx/ml/train/trainer.go:326.43,328.4 1 1
github.com/gomlx/gomlx/ml/train/trainer.go:331.2,331.27 1 1
github.com/gomlx/gomlx/ml/train/trainer.go:331.27,334.3 1 0
github.com/gomlx/gomlx/ml/train/trainer.go:337.2,338.8 2 1
github.com/gomlx/gomlx/ml/train/trainer.go:346.74,347.22 1 1
github.com/gomlx/gomlx/ml/train/trainer.go:347.22,349.3 1 0
github.com/gomlx/gomlx/ml/train/trainer.go:350.2,350.64 1 1
github.com/gomlx/gomlx/ml/train/trainer.go:350.64,351.61 1 1
github.com/gomlx/gomlx/ml/train/trainer.go:351.61,355.4 1 0
github.com/gomlx/gomlx/ml/train/trainer.go:357.2,357.32 1 1
github.com/gomlx/gomlx/ml/train/trainer.go:357.32,358.19 1 1
github.com/gomlx/gomlx/ml/train/trainer.go:358.19,360.4 1 0
github.com/gomlx/gomlx/ml/train/trainer.go:364.2,366.27 3 1
github.com/gomlx/gomlx/ml/train/trainer.go:366.27,368.3 1 1
github.com/gomlx/gomlx/ml/train/trainer.go:369.2,369.27 1 1
github.com/gomlx/gomlx/ml/train/trainer.go:369.27,371.3 1 0
github.com/gomlx/gomlx/ml/train/trainer.go:374.2,375.19 2 1
github.com/gomlx/gomlx/ml/train/trainer.go:376.17,377.32 1 1
github.com/gomlx/gomlx/ml/train/trainer.go:378.16,379.31 1 0
github.com/gomlx/gomlx/ml/train/trainer.go:380.29,381.36 1 0
github.com/gomlx/gomlx/ml/train/trainer.go:383.2,384.12 2 1
github.com/gomlx/gomlx/ml/train/trainer.go:384.12,387.52 3 1
github.com/gomlx/gomlx/ml/train/trainer.go:387.52,389.4 1 0
github.com/gomlx/gomlx/ml/train/trainer.go:393.2,393.32 1 1
github.com/gomlx/gomlx/ml/train/trainer.go:393.32,393.75 1 1
github.com/gomlx/gomlx/ml/train/trainer.go:394.2,394.16 1 1
github.com/gomlx/gomlx/ml/train/trainer.go:394.16,395.70 1 0
github.com/gomlx/gomlx/ml/train/trainer.go:397.2,397.23 1 1
github.com/gomlx/gomlx/ml/train/trainer.go:397.23,399.3 1 0
github.com/gomlx/gomlx/ml/train/trainer.go:400.2,400.8 1 1
github.com/gomlx/gomlx/ml/train/trainer.go:409.44,410.113 1 0
github.com/gomlx/gomlx/ml/train/trainer.go:410.113,411.29 1 0
github.com/gomlx/gomlx/ml/train/trainer.go:411.29,413.4 1 0
github.com/gomlx/gomlx/ml/train/trainer.go:414.3,414.17 1 0
github.com/gomlx/gomlx/ml/train/trainer.go:420.62,424.40 4 1
github.com/gomlx/gomlx/ml/train/trainer.go:424.40,427.3 2 1
github.com/gomlx/gomlx/ml/train/trainer.go:428.2,428.8 1 1
github.com/gomlx/gomlx/ml/train/trainer.go:447.101,449.2 1 1
github.com/gomlx/gomlx/ml/train/trainer.go:454.119,459.21 4 0
github.com/gomlx/gomlx/ml/train/trainer.go:459.21,461.31 2 0
github.com/gomlx/gomlx/ml/train/trainer.go:461.31,463.4 1 0
github.com/gomlx/gomlx/ml/train/trainer.go:464.3,464.21 1 0
github.com/gomlx/gomlx/ml/train/trainer.go:468.2,469.8 2 0
github.com/gomlx/gomlx/ml/train/trainer.go:473.45,474.40 1 1
github.com/gomlx/gomlx/ml/train/trainer.go:474.40,475.33 1 1
github.com/gomlx/gomlx/ml/train/trainer.go:475.33,475.75 1 1
github.com/gomlx/gomlx/ml/train/trainer.go:476.3,476.17 1 1
github.com/gomlx/gomlx/ml/train/trainer.go:476.17,477.86 1 0
github.com/gomlx/gomlx/ml/train/trainer.go:480.2,480.12 1 1
github.com/gomlx/gomlx/ml/train/trainer.go:490.100,492.2 1 0
github.com/gomlx/gomlx/ml/train/trainer.go:495.38,496.39 1 0
github.com/gomlx/gomlx/ml/train/trainer.go:496.39,497.33 1 0
github.com/gomlx/gomlx/ml/train/trainer.go:497.33,497.60 1 0
github.com/gomlx/gomlx/ml/train/trainer.go:498.3,498.17 1 0
github.com/gomlx/gomlx/ml/train/trainer.go:498.17,499.86 1 0
github.com/gomlx/gomlx/ml/train/trainer.go:509.71,514.6 5 0
github.com/gomlx/gomlx/ml/train/trainer.go:514.6,516.20 2 0
github.com/gomlx/gomlx/ml/train/trainer.go:516.20,517.9 1 0
github.com/gomlx/gomlx/ml/train/trainer.go:519.3,519.17 1 0
github.com/gomlx/gomlx/ml/train/trainer.go:519.17,520.68 1 0
github.com/gomlx/gomlx/ml/train/trainer.go:522.3,524.36 2 0
github.com/gomlx/gomlx/ml/train/trainer.go:524.36,526.4 1 0
github.com/gomlx/gomlx/ml/train/trainer.go:528.3,531.21 2 0
github.com/gomlx/gomlx/ml/train/trainer.go:531.21,532.33 1 0
github.com/gomlx/gomlx/ml/train/trainer.go:532.33,534.5 1 0
github.com/gomlx/gomlx/ml/train/trainer.go:535.4,535.33 1 0
github.com/gomlx/gomlx/ml/train/trainer.go:535.33,537.5 1 0
github.com/gomlx/gomlx/ml/train/trainer.go:540.2,540.16 1 0
github.com/gomlx/gomlx/ml/train/trainer.go:540.16,542.3 1 0
github.com/gomlx/gomlx/ml/train/trainer.go:544.2,544.40 1 0
github.com/gomlx/gomlx/ml/train/trainer.go:544.40,547.3 2 0
github.com/gomlx/gomlx/ml/train/trainer.go:548.2,548.23 1 0
github.com/gomlx/gomlx/ml/train/trainer.go:552.49,554.2 1 0
github.com/gomlx/gomlx/ml/train/trainer.go:564.52,566.2 1 0
github.com/gomlx/gomlx/ml/train/trainer.go:576.54,579.30 3 1
github.com/gomlx/gomlx/ml/train/trainer.go:579.30,581.3 1 0
github.com/gomlx/gomlx/ml/train/trainer.go:583.2,584.11 2 1
github.com/gomlx/gomlx/ml/train/trainer.go:584.11,586.3 1 1
github.com/gomlx/gomlx/ml/train/trainer.go:587.2,587.61 1 1
github.com/gomlx/gomlx/ml/train/trainer.go:594.73,598.2 3 1
github.com/gomlx/gomlx/ml/train/trainer.go:615.87,617.2 1 1
github.com/gomlx/gomlx/types/xsync/xsync.go:16.24,20.2 1 0
github.com/gomlx/gomlx/types/xsync/xsync.go:23.27,27.14 3 0
github.com/gomlx/gomlx/types/xsync/xsync.go:27.14,30.3 1 0
github.com/gomlx/gomlx/types/xsync/xsync.go:31.2,31.15 1 0
github.com/gomlx/gomlx/types/xsync/xsync.go:35.24,37.2 1 0
github.com/gomlx/gomlx/types/xsync/xsync.go:40.29,41.9 1 0
github.com/gomlx/gomlx/types/xsync/xsync.go:42.16,43.14 1 0
github.com/gomlx/gomlx/types/xsync/xsync.go:44.10,45.15 1 0
github.com/gomlx/gomlx/types/xsync/xsync.go:52.44,54.2 1 0
github.com/gomlx/gomlx/types/xsync/xsync.go:67.52,71.2 1 0
github.com/gomlx/gomlx/types/xsync/xsync.go:74.46,78.20 3 0
github.com/gomlx/gomlx/types/xsync/xsync.go:78.20,81.3 1 0
github.com/gomlx/gomlx/types/xsync/xsync.go:82.2,83.21 2 0
github.com/gomlx/gomlx/types/xsync/xsync.go:87.38,90.2 2 0
github.com/gomlx/gomlx/types/xsync/xsync.go:93.41,95.2 1 0
github.com/gomlx/gomlx/types/xsync/xsync.go:99.50,100.15 1 0
github.com/gomlx/gomlx/types/xsync/xsync.go:100.15,103.3 2 0
github.com/gomlx/gomlx/types/xsync/xsync.go:104.2,105.8 2 0
github.com/gomlx/gomlx/types/xsync/xsync.go:111.57,112.15 1 0
github.com/gomlx/gomlx/types/xsync/xsync.go:112.15,114.23 2 0
github.com/gomlx/gomlx/types/xsync/xsync.go:114.23,116.4 1 0
github.com/gomlx/gomlx/types/xsync/xsync.go:118.2,118.9 1 0
github.com/gomlx/gomlx/types/xsync/xsync.go:119.18,120.13 1 0
github.com/gomlx/gomlx/types/xsync/xsync.go:121.10,122.13 1 0
github.com/gomlx/gomlx/types/xsync/xsync.go:124.2,124.8 1 0
github.com/gomlx/gomlx/types/xsync/xsync.go:140.44,145.2 1 0
github.com/gomlx/gomlx/types/xsync/xsync.go:149.31,152.6 3 0
github.com/gomlx/gomlx/types/xsync/xsync.go:152.6,153.48 1 0
github.com/gomlx/gomlx/types/xsync/xsync.go:153.48,157.4 2 0
github.com/gomlx/gomlx/types/xsync/xsync.go:158.3,158.16 1 0
github.com/gomlx/gomlx/types/xsync/xsync.go:163.31,167.49 4 0
github.com/gomlx/gomlx/types/xsync/xsync.go:167.49,169.3 1 0
github.com/gomlx/gomlx/types/xsync/xsync.go:170.2,170.17 1 0
github.com/gomlx/gomlx/types/xsync/xsync.go:180.45,183.31 3 0
github.com/gomlx/gomlx/types/xsync/xsync.go:183.31,185.3 1 0
github.com/gomlx/gomlx/types/xsync/xsync.go:186.2,186.70 1 0
github.com/gomlx/gomlx/types/xsync/xsync.go:186.70,190.3 2 0
github.com/gomlx/gomlx/types/xsync/xsync.go:194.2,195.20 2 0
github.com/gomlx/gomlx/ui/notebooks/notebook.go:27.24,29.2 1 1
github.com/gomlx/gomlx/ui/notebooks/notebook.go:34.26,37.2 2 1
github.com/gomlx/gomlx/ui/notebooks/notebook.go:42.20,45.2 2 1
