mode: set
github.com/gomlx/gomlx/graph/graphtest/graphtest.go:40.42,42.24 2 0
github.com/gomlx/gomlx/graph/graphtest/graphtest.go:42.24,44.3 1 0
github.com/gomlx/gomlx/graph/graphtest/graphtest.go:45.2,45.22 1 0
github.com/gomlx/gomlx/graph/graphtest/graphtest.go:53.100,55.67 2 0
github.com/gomlx/gomlx/graph/graphtest/graphtest.go:55.67,55.105 1 0
github.com/gomlx/gomlx/graph/graphtest/graphtest.go:57.2,58.50 2 0
github.com/gomlx/gomlx/graph/graphtest/graphtest.go:58.50,63.3 4 0
github.com/gomlx/gomlx/graph/graphtest/graphtest.go:64.2,66.31 3 0
github.com/gomlx/gomlx/graph/graphtest/graphtest.go:66.31,66.65 1 0
github.com/gomlx/gomlx/graph/graphtest/graphtest.go:67.2,68.32 2 0
github.com/gomlx/gomlx/graph/graphtest/graphtest.go:68.32,69.19 1 0
github.com/gomlx/gomlx/graph/graphtest/graphtest.go:69.19,71.4 1 0
github.com/gomlx/gomlx/graph/graphtest/graphtest.go:73.2,74.32 2 0
github.com/gomlx/gomlx/graph/graphtest/graphtest.go:74.32,75.19 1 0
github.com/gomlx/gomlx/graph/graphtest/graphtest.go:75.19,77.4 1 0
github.com/gomlx/gomlx/graph/graphtest/graphtest.go:80.2,81.32 2 0
github.com/gomlx/gomlx/graph/graphtest/graphtest.go:81.32,83.3 1 0
github.com/gomlx/gomlx/graph/graphtest/graphtest.go:84.2,84.19 1 0
github.com/gomlx/gomlx/graph/graphtest/graphtest.go:84.19,86.3 1 0
github.com/gomlx/gomlx/graph/graphtest/graphtest.go:87.2,87.34 1 0
github.com/gomlx/gomlx/graph/graphtest/graphtest.go:87.34,89.3 1 0
github.com/gomlx/gomlx/graph/graphtest/graphtest.go:90.2,92.34 2 0
github.com/gomlx/gomlx/graph/graphtest/graphtest.go:92.34,95.3 1 0
github.com/gomlx/gomlx/graph/graphtest/graphtest.go:40.42,42.24 2 1
github.com/gomlx/gomlx/graph/graphtest/graphtest.go:42.24,44.3 1 1
github.com/gomlx/gomlx/graph/graphtest/graphtest.go:45.2,45.22 1 1
github.com/gomlx/gomlx/graph/graphtest/graphtest.go:53.100,55.67 2 0
github.com/gomlx/gomlx/graph/graphtest/graphtest.go:55.67,55.105 1 0
github.com/gomlx/gomlx/graph/graphtest/graphtest.go:57.2,58.50 2 0
github.com/gomlx/gomlx/graph/graphtest/graphtest.go:58.50,63.3 4 0
github.com/gomlx/gomlx/graph/graphtest/graphtest.go:64.2,66.31 3 0
github.com/gomlx/gomlx/graph/graphtest/graphtest.go:66.31,66.65 1 0
github.com/gomlx/gomlx/graph/graphtest/graphtest.go:67.2,68.32 2 0
github.com/gomlx/gomlx/graph/graphtest/graphtest.go:68.32,69.19 1 0
github.com/gomlx/gomlx/graph/graphtest/graphtest.go:69.19,71.4 1 0
github.com/gomlx/gomlx/graph/graphtest/graphtest.go:73.2,74.32 2 0
github.com/gomlx/gomlx/graph/graphtest/graphtest.go:74.32,75.19 1 0
github.com/gomlx/gomlx/graph/graphtest/graphtest.go:75.19,77.4 1 0
github.com/gomlx/gomlx/graph/graphtest/graphtest.go:80.2,81.32 2 0
github.com/gomlx/gomlx/graph/graphtest/graphtest.go:81.32,83.3 1 0
github.com/gomlx/gomlx/graph/graphtest/graphtest.go:84.2,84.19 1 0
github.com/gomlx/gomlx/graph/graphtest/graphtest.go:84.19,86.3 1 0
github.com/gomlx/gomlx/graph/graphtest/graphtest.go:87.2,87.34 1 0
github.com/gomlx/gomlx/graph/graphtest/graphtest.go:87.34,89.3 1 0
github.com/gomlx/gomlx/graph/graphtest/graphtest.go:90.2,92.34 2 0
github.com/gomlx/gomlx/graph/graphtest/graphtest.go:92.34,95.3 1 0
github.com/gomlx/gomlx/graph/nanlogger/nanlogger.go:105.23,110.2 1 1
github.com/gomlx/gomlx/graph/nanlogger/nanlogger.go:117.55,118.14 1 1
github.com/gomlx/gomlx/graph/nanlogger/nanlogger.go:118.14,120.3 1 0
github.com/gomlx/gomlx/graph/nanlogger/nanlogger.go:121.2,122.32 2 1
github.com/gomlx/gomlx/graph/nanlogger/nanlogger.go:128.61,129.14 1 0
github.com/gomlx/gomlx/graph/nanlogger/nanlogger.go:129.14,131.3 1 0
github.com/gomlx/gomlx/graph/nanlogger/nanlogger.go:132.2,132.69 1 0
github.com/gomlx/gomlx/graph/nanlogger/nanlogger.go:132.69,134.3 1 0
github.com/gomlx/gomlx/graph/nanlogger/nanlogger.go:144.62,145.14 1 1
github.com/gomlx/gomlx/graph/nanlogger/nanlogger.go:145.14,147.3 1 0
github.com/gomlx/gomlx/graph/nanlogger/nanlogger.go:148.2,153.22 4 1
github.com/gomlx/gomlx/graph/nanlogger/nanlogger.go:153.22,155.3 1 0
github.com/gomlx/gomlx/graph/nanlogger/nanlogger.go:155.8,157.3 1 1
github.com/gomlx/gomlx/graph/nanlogger/nanlogger.go:158.2,167.21 6 1
github.com/gomlx/gomlx/graph/nanlogger/nanlogger.go:167.21,169.3 1 1
github.com/gomlx/gomlx/graph/nanlogger/nanlogger.go:169.8,173.3 3 1
github.com/gomlx/gomlx/graph/nanlogger/nanlogger.go:175.2,177.12 3 1
github.com/gomlx/gomlx/graph/nanlogger/nanlogger.go:177.12,180.3 2 1
github.com/gomlx/gomlx/graph/nanlogger/nanlogger.go:181.2,181.35 1 1
github.com/gomlx/gomlx/graph/nanlogger/nanlogger.go:188.45,189.14 1 1
github.com/gomlx/gomlx/graph/nanlogger/nanlogger.go:189.14,191.3 1 0
github.com/gomlx/gomlx/graph/nanlogger/nanlogger.go:192.2,192.48 1 1
github.com/gomlx/gomlx/graph/nanlogger/nanlogger.go:199.32,200.14 1 1
github.com/gomlx/gomlx/graph/nanlogger/nanlogger.go:200.14,202.3 1 0
github.com/gomlx/gomlx/graph/nanlogger/nanlogger.go:203.2,203.30 1 1
github.com/gomlx/gomlx/graph/nanlogger/nanlogger.go:203.30,206.3 2 0
github.com/gomlx/gomlx/graph/nanlogger/nanlogger.go:207.2,207.49 1 1
github.com/gomlx/gomlx/graph/nanlogger/nanlogger.go:212.113,218.32 5 1
github.com/gomlx/gomlx/graph/nanlogger/nanlogger.go:218.32,219.29 1 1
github.com/gomlx/gomlx/graph/nanlogger/nanlogger.go:219.29,224.12 4 1
github.com/gomlx/gomlx/graph/nanlogger/nanlogger.go:226.3,227.19 2 1
github.com/gomlx/gomlx/graph/nanlogger/nanlogger.go:227.19,229.60 2 1
github.com/gomlx/gomlx/graph/nanlogger/nanlogger.go:229.60,231.5 1 1
github.com/gomlx/gomlx/graph/nanlogger/nanlogger.go:236.2,236.56 1 1
github.com/gomlx/gomlx/graph/nanlogger/nanlogger.go:236.56,239.3 1 1
github.com/gomlx/gomlx/graph/nanlogger/nanlogger.go:242.2,242.37 1 1
github.com/gomlx/gomlx/graph/nanlogger/nanlogger.go:242.37,246.13 3 1
github.com/gomlx/gomlx/graph/nanlogger/nanlogger.go:246.13,248.4 1 0
github.com/gomlx/gomlx/graph/nanlogger/nanlogger.go:248.9,251.13 3 1
github.com/gomlx/gomlx/graph/nanlogger/nanlogger.go:251.13,253.5 1 1
github.com/gomlx/gomlx/graph/nanlogger/nanlogger.go:253.10,255.5 1 0
github.com/gomlx/gomlx/graph/nanlogger/nanlogger.go:258.2,258.8 1 1
github.com/gomlx/gomlx/graph/nanlogger/nanlogger.go:266.51,267.14 1 1
github.com/gomlx/gomlx/graph/nanlogger/nanlogger.go:267.14,269.3 1 0
github.com/gomlx/gomlx/graph/nanlogger/nanlogger.go:270.2,270.21 1 1
github.com/gomlx/gomlx/graph/nanlogger/nanlogger.go:274.34,276.25 2 0
github.com/gomlx/gomlx/graph/nanlogger/nanlogger.go:276.25,278.3 1 0
github.com/gomlx/gomlx/graph/nanlogger/nanlogger.go:279.2,280.29 1 0
